25.9369 	INFO 	Loaded monitor calibration from ['2023_10_02 14:19']
26.2835 	DEBUG 	TextBox2 loaded 1 chars with 0 blanks and 1 valid
26.2843 	DEBUG 	TextBox2 loaded 1 chars with 0 blanks and 1 valid
26.2852 	DEBUG 	TextBox2 loaded 1 chars with 0 blanks and 1 valid
26.2864 	DEBUG 	TextBox2 loaded 1 chars with 0 blanks and 1 valid
26.2875 	DEBUG 	TextBox2 loaded 1 chars with 0 blanks and 1 valid
26.2879 	DEBUG 	TextBox2 loaded 1 chars with 0 blanks and 1 valid
26.2887 	DEBUG 	TextBox2 loaded 1 chars with 0 blanks and 1 valid
26.2899 	DEBUG 	TextBox2 loaded 1 chars with 0 blanks and 1 valid
26.2902 	DEBUG 	TextBox2 loaded 1 chars with 0 blanks and 1 valid
26.2905 	DEBUG 	TextBox2 loaded 1 chars with 0 blanks and 1 valid
26.2914 	DEBUG 	TextBox2 loaded 1 chars with 0 blanks and 1 valid
26.2922 	DEBUG 	TextBox2 loaded 1 chars with 0 blanks and 1 valid
26.2929 	DEBUG 	TextBox2 loaded 1 chars with 0 blanks and 1 valid
26.2936 	DEBUG 	TextBox2 loaded 1 chars with 0 blanks and 1 valid
26.2942 	DEBUG 	TextBox2 loaded 1 chars with 0 blanks and 1 valid
26.2951 	DEBUG 	TextBox2 loaded 1 chars with 0 blanks and 1 valid
26.2958 	DEBUG 	TextBox2 loaded 1 chars with 0 blanks and 1 valid
26.2961 	DEBUG 	TextBox2 loaded 1 chars with 0 blanks and 1 valid
26.2965 	DEBUG 	TextBox2 loaded 1 chars with 0 blanks and 1 valid
26.2977 	DEBUG 	TextBox2 loaded 1 chars with 0 blanks and 1 valid
26.2982 	DEBUG 	TextBox2 loaded 1 chars with 0 blanks and 1 valid
26.2987 	DEBUG 	Uploading Texture Font fontname to graphics card
26.3018 	DEBUG 	Upload of Texture Font fontname complete
26.3083 	DEBUG 	TextBox2 loaded 1 chars with 0 blanks and 1 valid
26.3095 	DEBUG 	TextBox2 loaded 1 chars with 0 blanks and 1 valid
26.3106 	DEBUG 	TextBox2 loaded 1 chars with 0 blanks and 1 valid
26.3108 	DEBUG 	Uploading Texture Font fontname to graphics card
26.3127 	DEBUG 	Upload of Texture Font fontname complete
27.3250 	WARNING 	Couldn't measure a consistent frame rate!
  - Is your graphics card set to sync to vertical blank?
  - Are you running other processes on your computer?

27.3255 	EXP 	Created window1 = Window(allowGUI=True, allowStencil=False, autoLog=True, backendConf=UNKNOWN, backgroundFit=<method-wrapper '__getattribute__' of attributeSetter object at 0x7fefed80ec70>, backgroundImage=<method-wrapper '__getattribute__' of attributeSetter object at 0x7fefed80ec10>, bitsMode=UNKNOWN, blendMode='avg', bpc=(8, 8, 8), color=array([0, 0, 0]), colorSpace='rgb', depthBits=8, fullscr=<method-wrapper '__getattribute__' of attributeSetter object at 0x7fefed80ea60>, gamma=None, gammaErrorPolicy='raise', lms=UNKNOWN, monitor=<psychopy.monitors.calibTools.Monitor object at 0x7fefee348490>, multiSample=False, name='window1', numSamples=2, pos=(479, 286), screen=0, size=array([2048, 1536]), stencilBits=0, stereo=False, title='PsychoPy', units='pix', useFBO=True, useRetina=True, viewOri=0.0, viewPos=None, viewScale=None, waitBlanking=True, winType='pyglet')
27.3257 	EXP 	window1: mouseVisible = True
27.3257 	EXP 	window1: backgroundImage = ''
27.3257 	EXP 	window1: backgroundFit = 'none'
27.3289 	EXP 	window1: Attempting to measure frame rate of screen (0) ...
27.3289 	EXP 	window1: recordFrameIntervals = False
27.4084 	EXP 	window1: recordFrameIntervals = True
28.2464 	WARNING 	Couldn't measure a consistent frame rate!
  - Is your graphics card set to sync to vertical blank?
  - Are you running other processes on your computer?

28.2465 	EXP 	window1: mouseVisible = True
28.3811 	WARNING 	launchHubServer: If using the iohub mouse or eyetracker devices, fullScr should be True.
33.7130 	INFO 	keyboard.Keyboard is using iohub backend.
33.7131 	EXP 	MouseEye_CC: status = STARTED
33.7134 	EXP 	window1: mouseVisible = True
33.7795 	EXP 	Created InstrStartPage_text = TextStim(__class__=<class 'psychopy.visual.text.TextStim'>, alignHoriz=method-wrapper(...), alignText='center', alignVert=method-wrapper(...), anchorHoriz='center', anchorVert='center', antialias=True, autoDraw=False, autoLog=True, bold=False, color=array([1., 1., 1.]), colorSpace='rgb', contrast=1.0, depth=-1.0, draggable=False, flipHoriz=False, flipVert=False, font='Arial', fontFiles=[], height=24.0, italic=False, languageStyle='LTR', name='InstrStartPage_text', opacity=1.0, ori=0.0, pos=array([0., 0.]), rgb=UNKNOWN, text=str(...), units='pix', win=Window(...), wrapWidth=500)
33.7795 	INFO 	keyboard.Keyboard is using iohub backend.
33.7796 	EXP 	window1: mouseVisible = True
33.7818 	EXP 	Created loading = TextStim(__class__=<class 'psychopy.visual.text.TextStim'>, alignHoriz=method-wrapper(...), alignText='center', alignVert=method-wrapper(...), anchorHoriz='center', anchorVert='center', antialias=True, autoDraw=False, autoLog=True, bold=False, color=array([1., 1., 1.]), colorSpace='rgb', contrast=1.0, depth=-1.0, draggable=False, flipHoriz=False, flipVert=False, font='Arial', fontFiles=[], height=24.0, italic=False, languageStyle='LTR', name='loading', opacity=1.0, ori=0, pos=array([0., 0.]), rgb=UNKNOWN, text='Loading......', units='pix', win=Window(...), wrapWidth=500)
33.7819 	EXP 	window1: mouseVisible = True
33.7907 	EXP 	Created InstrRedo_txt = TextStim(__class__=<class 'psychopy.visual.text.TextStim'>, alignHoriz=method-wrapper(...), alignText='center', alignVert=method-wrapper(...), anchorHoriz='center', anchorVert='center', antialias=True, autoDraw=False, autoLog=True, bold=False, color=array([1., 1., 1.]), colorSpace='rgb', contrast=1.0, depth=-2.0, draggable=False, flipHoriz=False, flipVert=False, font='Arial', fontFiles=[], height=28.0, italic=False, languageStyle='LTR', name='InstrRedo_txt', opacity=1.0, ori=0.0, pos=array([0., 0.]), rgb=UNKNOWN, text=str(...), units='pix', win=Window(...), wrapWidth=500)
33.7907 	INFO 	keyboard.Keyboard is using iohub backend.
33.7908 	EXP 	window1: mouseVisible = True
33.7923 	EXP 	Created loadingRedo_txt = TextStim(__class__=<class 'psychopy.visual.text.TextStim'>, alignHoriz=method-wrapper(...), alignText='center', alignVert=method-wrapper(...), anchorHoriz='center', anchorVert='center', antialias=True, autoDraw=False, autoLog=True, bold=False, color=array([1., 1., 1.]), colorSpace='rgb', contrast=1.0, depth=-2.0, draggable=False, flipHoriz=False, flipVert=False, font='Arial', fontFiles=[], height=24.0, italic=False, languageStyle='LTR', name='loadingRedo_txt', opacity=1.0, ori=0, pos=array([0., 0.]), rgb=UNKNOWN, text='Loading......', units='pix', win=Window(...), wrapWidth=500)
33.7924 	EXP 	window1: mouseVisible = True
33.9531 	EXP 	Created instr1_key = ImageStim(__class__=<class 'psychopy.visual.image.ImageStim'>, anchor=('center', 'center'), autoLog=True, color=array([1., 1., 1.]), colorSpace='rgb', contrast=1.0, depth=0.0, draggable=False, flipHoriz=False, flipVert=False, image='instr1_key.png', interpolate=False, mask=None, maskParams=None, name='instr1_key', opacity=1.0, ori=0.0, pos=array([0., 0.]), size=array([641., 488.]), texRes=512, units='pix', win=Window(...))
33.9531 	INFO 	keyboard.Keyboard is using iohub backend.
33.9533 	EXP 	window1: mouseVisible = True
33.9597 	EXP 	Created fixation_keyprac = ShapeStim(__class__=<class 'psychopy.visual.shape.ShapeStim'>, anchor=('center', 'center'), autoDraw=False, autoLog=True, closeShape=True, color=method-wrapper(...), colorSpace='rgb', contrast=None, depth=-1.0, draggable=False, fillColor=array([1, 1, 1]), fillColorSpace='rgb', fillRGB=array([1, 1, 1]), interpolate=True, lineColor=array([1., 1., 1.]), lineColorSpace='rgb', lineRGB=array([1, 1, 1]), lineWidth=1.0, name='fixation_keyprac', opacity=1.0, ori=0.0, pos=array([0., 0.]), size=array([20., 20.]), units='pix', vertices=ndarray(...), win=Window(...), windingRule=None)
33.9598 	EXP 	window1: mouseVisible = True
33.9681 	EXP 	Created letterT = ImageStim(__class__=<class 'psychopy.visual.image.ImageStim'>, anchor=('center', 'center'), autoLog=True, color=array([1., 1., 1.]), colorSpace='rgb', contrast=1.0, depth=-2.0, draggable=False, flipHoriz=False, flipVert=False, image='T.png', interpolate=False, mask=None, maskParams=None, name='letterT', opacity=1.0, ori=1.0, pos=array([0., 0.]), size=array([80., 80.]), texRes=128, units='pix', win=Window(...))
33.9682 	EXP 	window1: mouseVisible = True
33.9722 	EXP 	Created keyHint = TextStim(__class__=<class 'psychopy.visual.text.TextStim'>, alignHoriz=method-wrapper(...), alignText='center', alignVert=method-wrapper(...), anchorHoriz='center', anchorVert='center', antialias=True, autoDraw=False, autoLog=True, bold=False, color=array([1., 1., 1.]), colorSpace='rgb', contrast=1.0, depth=-3.0, draggable=False, flipHoriz=False, flipVert=False, font='Arial', fontFiles=[], height=24.0, italic=False, languageStyle='LTR', name='keyHint', opacity=1.0, ori=0.0, pos=array([0., 0.]), rgb=UNKNOWN, text=str(...), units='pix', win=Window(...), wrapWidth=500)
33.9722 	INFO 	keyboard.Keyboard is using iohub backend.
33.9723 	EXP 	window1: mouseVisible = True
33.9730 	EXP 	Created keyFeedback = TextStim(__class__=<class 'psychopy.visual.text.TextStim'>, alignHoriz=method-wrapper(...), alignText='center', alignVert=method-wrapper(...), anchorHoriz='center', anchorVert='center', antialias=True, autoDraw=False, autoLog=True, bold=False, color=array([1., 1., 1.]), colorSpace='rgb', contrast=1.0, depth=0.0, draggable=False, flipHoriz=False, flipVert=False, font='Arial', fontFiles=[], height=32, italic=False, languageStyle='LTR', name='keyFeedback', opacity=1.0, ori=0, pos=array([0., 0.]), rgb=UNKNOWN, text='', units='pix', win=Window(...), wrapWidth=500)
33.9731 	EXP 	window1: mouseVisible = True
34.0619 	EXP 	Created instr2_search = ImageStim(__class__=<class 'psychopy.visual.image.ImageStim'>, anchor=('center', 'center'), autoLog=True, color=array([1., 1., 1.]), colorSpace='rgb', contrast=1.0, depth=0.0, draggable=False, flipHoriz=False, flipVert=False, image='instr2_search.png', interpolate=False, mask=None, maskParams=None, name='instr2_search', opacity=1.0, ori=0.0, pos=array([0., 0.]), size=array([594., 465.]), texRes=512, units='pix', win=Window(...))
34.0619 	INFO 	keyboard.Keyboard is using iohub backend.
34.0620 	EXP 	window1: mouseVisible = True
34.1068 	EXP 	Created instr3_fix = ImageStim(__class__=<class 'psychopy.visual.image.ImageStim'>, anchor=('center', 'center'), autoLog=True, color=array([1., 1., 1.]), colorSpace='rgb', contrast=1.0, depth=0.0, draggable=False, flipHoriz=False, flipVert=False, image='instr3_fix.png', interpolate=False, mask=None, maskParams=None, name='instr3_fix', opacity=1.0, ori=0.0, pos=array([0., 0.]), size=array([501., 234.]), texRes=512, units='pix', win=Window(...))
34.1068 	INFO 	keyboard.Keyboard is using iohub backend.
34.1069 	EXP 	window1: mouseVisible = True
34.1189 	EXP 	Created fixationPoint = ImageStim(__class__=<class 'psychopy.visual.image.ImageStim'>, anchor=('center', 'center'), autoLog=True, color=array([1., 1., 1.]), colorSpace='rgb', contrast=1.0, depth=-1.0, draggable=False, flipHoriz=False, flipVert=False, image='fixation.png', interpolate=False, mask=None, maskParams=None, name='fixationPoint', opacity=1.0, ori=0.0, pos=array([0., 0.]), size=array([1., 1.]), texRes=128.0, units='pix', win=Window(...))
34.1190 	EXP 	window1: mouseVisible = True
34.1261 	EXP 	Created fixationHint = TextStim(__class__=<class 'psychopy.visual.text.TextStim'>, alignHoriz=method-wrapper(...), alignText='center', alignVert=method-wrapper(...), anchorHoriz='center', anchorVert='center', antialias=True, autoDraw=False, autoLog=True, bold=False, color=array([1., 1., 1.]), colorSpace='rgb', contrast=1.0, depth=-2.0, draggable=False, flipHoriz=False, flipVert=False, font='Arial', fontFiles=[], height=24.0, italic=False, languageStyle='LTR', name='fixationHint', opacity=1.0, ori=0.0, pos=array([0., 0.]), rgb=UNKNOWN, text=str(...), units='pix', win=Window(...), wrapWidth=500)
34.1262 	EXP 	window1: mouseVisible = True
34.1263 	EXP 	window1: mouseVisible = True
34.1379 	EXP 	Created fixationPoint_2 = ImageStim(__class__=<class 'psychopy.visual.image.ImageStim'>, anchor=('center', 'center'), autoLog=True, color=array([1., 1., 1.]), colorSpace='rgb', contrast=1.0, depth=-1.0, draggable=False, flipHoriz=False, flipVert=False, image='greenfixation.png', interpolate=False, mask=None, maskParams=None, name='fixationPoint_2', opacity=1.0, ori=0.0, pos=array([0., 0.]), size=array([1., 1.]), texRes=128.0, units='pix', win=Window(...))
34.1379 	EXP 	window1: mouseVisible = True
34.1389 	EXP 	Created background = Rect(__class__=<class 'psychopy.visual.rect.Rect'>, anchor=('center', 'center'), autoDraw=False, autoLog=True, closeShape=True, color=method-wrapper(...), colorSpace='rgb', contrast=None, depth=-1.0, draggable=False, fillColor=array([0.00392157, 0.00392157, 0.00392157]), fillColorSpace='rgb', fillRGB=array([0.00392157, 0.00392157, 0.00392157]), interpolate=True, lineColor=array([1., 1., 1.]), lineColorSpace='rgb', lineRGB=array([1, 1, 1]), lineWidth=1.0, name='background', opacity=1.0, ori=0.0, pos=array([0., 0.]), size=array([1., 1.]), units='pix', vertices=ndarray(...), win=Window(...))
34.1390 	EXP 	window1: mouseVisible = True
34.1427 	EXP 	Created imageT = ImageStim(__class__=<class 'psychopy.visual.image.ImageStim'>, anchor=('center', 'center'), autoLog=True, color=array([1., 1., 1.]), colorSpace='rgb', contrast=1.0, depth=-2.0, draggable=False, flipHoriz=False, flipVert=False, image='T.png', interpolate=False, mask=None, maskParams=None, name='imageT', opacity=1.0, ori=1.0, pos=array([0., 0.]), size=array([1., 1.]), texRes=128, units='pix', win=Window(...))
34.1428 	EXP 	window1: mouseVisible = True
34.1499 	EXP 	Created imageL1 = ImageStim(__class__=<class 'psychopy.visual.image.ImageStim'>, anchor=('center', 'center'), autoLog=True, color=array([1., 1., 1.]), colorSpace='rgb', contrast=1.0, depth=-3.0, draggable=False, flipHoriz=False, flipVert=False, image='L.png', interpolate=False, mask=None, maskParams=None, name='imageL1', opacity=1.0, ori=1.0, pos=array([0., 0.]), size=array([1., 1.]), texRes=128, units='pix', win=Window(...))
34.1500 	EXP 	window1: mouseVisible = True
34.1537 	EXP 	Created imageL2 = ImageStim(__class__=<class 'psychopy.visual.image.ImageStim'>, anchor=('center', 'center'), autoLog=True, color=array([1., 1., 1.]), colorSpace='rgb', contrast=1.0, depth=-4.0, draggable=False, flipHoriz=False, flipVert=False, image='L.png', interpolate=False, mask=None, maskParams=None, name='imageL2', opacity=1.0, ori=1.0, pos=array([0., 0.]), size=array([1., 1.]), texRes=128, units='pix', win=Window(...))
34.1537 	EXP 	window1: mouseVisible = True
34.1575 	EXP 	Created imageL3 = ImageStim(__class__=<class 'psychopy.visual.image.ImageStim'>, anchor=('center', 'center'), autoLog=True, color=array([1., 1., 1.]), colorSpace='rgb', contrast=1.0, depth=-5.0, draggable=False, flipHoriz=False, flipVert=False, image='L.png', interpolate=False, mask=None, maskParams=None, name='imageL3', opacity=1.0, ori=1.0, pos=array([0., 0.]), size=array([1., 1.]), texRes=128, units='pix', win=Window(...))
34.1575 	EXP 	window1: mouseVisible = True
34.1612 	EXP 	Created imageL4 = ImageStim(__class__=<class 'psychopy.visual.image.ImageStim'>, anchor=('center', 'center'), autoLog=True, color=array([1., 1., 1.]), colorSpace='rgb', contrast=1.0, depth=-6.0, draggable=False, flipHoriz=False, flipVert=False, image='L.png', interpolate=False, mask=None, maskParams=None, name='imageL4', opacity=1.0, ori=1.0, pos=array([0., 0.]), size=array([1., 1.]), texRes=128, units='pix', win=Window(...))
34.1613 	EXP 	window1: mouseVisible = True
34.1650 	EXP 	Created imageL5 = ImageStim(__class__=<class 'psychopy.visual.image.ImageStim'>, anchor=('center', 'center'), autoLog=True, color=array([1., 1., 1.]), colorSpace='rgb', contrast=1.0, depth=-7.0, draggable=False, flipHoriz=False, flipVert=False, image='L.png', interpolate=False, mask=None, maskParams=None, name='imageL5', opacity=1.0, ori=1.0, pos=array([0., 0.]), size=array([1., 1.]), texRes=128, units='pix', win=Window(...))
34.1651 	EXP 	window1: mouseVisible = True
34.1688 	EXP 	Created imageL6 = ImageStim(__class__=<class 'psychopy.visual.image.ImageStim'>, anchor=('center', 'center'), autoLog=True, color=array([1., 1., 1.]), colorSpace='rgb', contrast=1.0, depth=-8.0, draggable=False, flipHoriz=False, flipVert=False, image='L.png', interpolate=False, mask=None, maskParams=None, name='imageL6', opacity=1.0, ori=1.0, pos=array([0., 0.]), size=array([1., 1.]), texRes=128, units='pix', win=Window(...))
34.1689 	EXP 	window1: mouseVisible = True
34.1728 	EXP 	Created imageL7 = ImageStim(__class__=<class 'psychopy.visual.image.ImageStim'>, anchor=('center', 'center'), autoLog=True, color=array([1., 1., 1.]), colorSpace='rgb', contrast=1.0, depth=-9.0, draggable=False, flipHoriz=False, flipVert=False, image='L.png', interpolate=False, mask=None, maskParams=None, name='imageL7', opacity=1.0, ori=1.0, pos=array([0., 0.]), size=array([1., 1.]), texRes=128, units='pix', win=Window(...))
34.1728 	EXP 	window1: mouseVisible = True
34.1765 	EXP 	Created imageL8 = ImageStim(__class__=<class 'psychopy.visual.image.ImageStim'>, anchor=('center', 'center'), autoLog=True, color=array([1., 1., 1.]), colorSpace='rgb', contrast=1.0, depth=-10.0, draggable=False, flipHoriz=False, flipVert=False, image='L.png', interpolate=False, mask=None, maskParams=None, name='imageL8', opacity=1.0, ori=1.0, pos=array([0., 0.]), size=array([1., 1.]), texRes=128, units='pix', win=Window(...))
34.1766 	EXP 	window1: mouseVisible = True
34.1803 	EXP 	Created imageL9 = ImageStim(__class__=<class 'psychopy.visual.image.ImageStim'>, anchor=('center', 'center'), autoLog=True, color=array([1., 1., 1.]), colorSpace='rgb', contrast=1.0, depth=-11.0, draggable=False, flipHoriz=False, flipVert=False, image='L.png', interpolate=False, mask=None, maskParams=None, name='imageL9', opacity=1.0, ori=1.0, pos=array([0., 0.]), size=array([1., 1.]), texRes=128, units='pix', win=Window(...))
34.1803 	EXP 	window1: mouseVisible = True
34.1840 	EXP 	Created imageL10 = ImageStim(__class__=<class 'psychopy.visual.image.ImageStim'>, anchor=('center', 'center'), autoLog=True, color=array([1., 1., 1.]), colorSpace='rgb', contrast=1.0, depth=-12.0, draggable=False, flipHoriz=False, flipVert=False, image='L.png', interpolate=False, mask=None, maskParams=None, name='imageL10', opacity=1.0, ori=1.0, pos=array([0., 0.]), size=array([1., 1.]), texRes=128, units='pix', win=Window(...))
34.1841 	EXP 	window1: mouseVisible = True
34.1878 	EXP 	Created imageL11 = ImageStim(__class__=<class 'psychopy.visual.image.ImageStim'>, anchor=('center', 'center'), autoLog=True, color=array([1., 1., 1.]), colorSpace='rgb', contrast=1.0, depth=-13.0, draggable=False, flipHoriz=False, flipVert=False, image='L.png', interpolate=False, mask=None, maskParams=None, name='imageL11', opacity=1.0, ori=1.0, pos=array([0., 0.]), size=array([1., 1.]), texRes=128, units='pix', win=Window(...))
34.1878 	EXP 	window1: mouseVisible = True
44.5322 	EXP 	Created imageAperture = ImageStim(__class__=<class 'psychopy.visual.image.ImageStim'>, anchor=('center', 'center'), autoLog=True, color=array([1., 1., 1.]), colorSpace='rgb', contrast=1.0, depth=-14.0, draggable=False, flipHoriz=False, flipVert=False, image='plainBackground.png', interpolate=True, mask='circleMask.png', maskParams=None, name='imageAperture', opacity=1.0, ori=0.0, pos=array([0., 0.]), size=array([1., 1.]), texRes=512, units='pix', win=Window(...))
44.5323 	EXP 	window1: mouseVisible = True
54.6444 	EXP 	Created CenterAperture = ImageStim(__class__=<class 'psychopy.visual.image.ImageStim'>, anchor=('center', 'center'), autoLog=True, color=array([1., 1., 1.]), colorSpace='rgb', contrast=1.0, depth=-15.0, draggable=False, flipHoriz=False, flipVert=False, image='plainBackground.png', interpolate=True, mask='circleMask.png', maskParams=None, name='CenterAperture', opacity=1.0, ori=0.0, pos=array([0., 0.]), size=array([1., 1.]), texRes=512, units='pix', win=Window(...))
54.6446 	EXP 	window1: mouseVisible = True
54.6453 	EXP 	Created searchHint = TextStim(__class__=<class 'psychopy.visual.text.TextStim'>, alignHoriz=method-wrapper(...), alignText='center', alignVert=method-wrapper(...), anchorHoriz='center', anchorVert='center', antialias=True, autoDraw=False, autoLog=True, bold=False, color=array([1., 1., 1.]), colorSpace='rgb', contrast=1.0, depth=-16.0, draggable=False, flipHoriz=False, flipVert=False, font='Arial', fontFiles=[], height=24.0, italic=False, languageStyle='LTR', name='searchHint', opacity=1.0, ori=0.0, pos=array([0., 0.]), rgb=UNKNOWN, text='', units='pix', win=Window(...), wrapWidth=500)
54.6454 	EXP 	window1: mouseVisible = True
54.6454 	INFO 	keyboard.Keyboard is using iohub backend.
54.6455 	EXP 	window1: mouseVisible = True
54.6461 	EXP 	Created textFeedback = TextStim(__class__=<class 'psychopy.visual.text.TextStim'>, alignHoriz=method-wrapper(...), alignText='center', alignVert=method-wrapper(...), anchorHoriz='center', anchorVert='center', antialias=True, autoDraw=False, autoLog=True, bold=False, color=array([1., 1., 1.]), colorSpace='rgb', contrast=1.0, depth=0.0, draggable=False, flipHoriz=False, flipVert=False, font='Arial', fontFiles=[], height=32, italic=False, languageStyle='LTR', name='textFeedback', opacity=1.0, ori=0, pos=array([0., 0.]), rgb=UNKNOWN, text='', units='pix', win=Window(...), wrapWidth=500)
54.6461 	EXP 	window1: mouseVisible = True
54.7543 	EXP 	Created instr4_hidden = ImageStim(__class__=<class 'psychopy.visual.image.ImageStim'>, anchor=('center', 'center'), autoLog=True, color=array([1., 1., 1.]), colorSpace='rgb', contrast=1.0, depth=-1.0, draggable=False, flipHoriz=False, flipVert=False, image='instr4_hidden.png', interpolate=False, mask=None, maskParams=None, name='instr4_hidden', opacity=1.0, ori=0.0, pos=array([0., 0.]), size=array([615., 516.]), texRes=512, units='pix', win=Window(...))
54.7544 	INFO 	keyboard.Keyboard is using iohub backend.
54.7545 	EXP 	window1: mouseVisible = True
54.8310 	EXP 	Created instr5_fixagain = ImageStim(__class__=<class 'psychopy.visual.image.ImageStim'>, anchor=('center', 'center'), autoLog=True, color=array([1., 1., 1.]), colorSpace='rgb', contrast=1.0, depth=-1.0, draggable=False, flipHoriz=False, flipVert=False, image='instr5_fixagain.png', interpolate=False, mask=None, maskParams=None, name='instr5_fixagain', opacity=1.0, ori=0.0, pos=array([0., 0.]), size=array([609., 351.]), texRes=512, units='pix', win=Window(...))
54.8310 	INFO 	keyboard.Keyboard is using iohub backend.
54.8312 	EXP 	window1: mouseVisible = True
54.8552 	EXP 	Created text_checkInstr = TextStim(__class__=<class 'psychopy.visual.text.TextStim'>, alignHoriz=method-wrapper(...), alignText='center', alignVert=method-wrapper(...), anchorHoriz='center', anchorVert='center', antialias=True, autoDraw=False, autoLog=True, bold=False, color=array([1., 1., 1.]), colorSpace='rgb', contrast=1.0, depth=0.0, draggable=False, flipHoriz=False, flipVert=False, font='Arial', fontFiles=[], height=24.0, italic=False, languageStyle='LTR', name='text_checkInstr', opacity=1.0, ori=0, pos=array([0., 0.]), rgb=UNKNOWN, text=str(...), units='pix', win=Window(...), wrapWidth=500)
54.8554 	EXP 	window1: mouseVisible = True
54.8600 	EXP 	Created checkIntr_example = ImageStim(__class__=<class 'psychopy.visual.image.ImageStim'>, anchor=('center', 'center'), autoLog=True, color=array([1., 1., 1.]), colorSpace='rgb', contrast=1.0, depth=-1.0, draggable=False, flipHoriz=False, flipVert=False, image='T.png', interpolate=False, mask=None, maskParams=None, name='checkIntr_example', opacity=1.0, ori=0.0, pos=array([0., 0.]), size=array([60., 60.]), texRes=512, units='pix', win=Window(...))
54.8600 	INFO 	keyboard.Keyboard is using iohub backend.
54.8601 	EXP 	window1: mouseVisible = True
54.8607 	EXP 	Created feedback_CheckInstr1 = TextStim(__class__=<class 'psychopy.visual.text.TextStim'>, alignHoriz=method-wrapper(...), alignText='center', alignVert=method-wrapper(...), anchorHoriz='center', anchorVert='center', antialias=True, autoDraw=False, autoLog=True, bold=False, color=array([1., 1., 1.]), colorSpace='rgb', contrast=1.0, depth=0.0, draggable=False, flipHoriz=False, flipVert=False, font='Arial', fontFiles=[], height=24, italic=False, languageStyle='LTR', name='feedback_CheckInstr1', opacity=1.0, ori=0, pos=array([0., 0.]), rgb=UNKNOWN, text='', units='pix', win=Window(...), wrapWidth=500)
54.8608 	EXP 	window1: mouseVisible = True
54.8628 	EXP 	Created feedback_CheckInstr2 = TextStim(__class__=<class 'psychopy.visual.text.TextStim'>, alignHoriz=method-wrapper(...), alignText='center', alignVert=method-wrapper(...), anchorHoriz='center', anchorVert='center', antialias=True, autoDraw=False, autoLog=True, bold=False, color=array([1., 1., 1.]), colorSpace='rgb', contrast=1.0, depth=-1.0, draggable=False, flipHoriz=False, flipVert=False, font='Arial', fontFiles=[], height=24.0, italic=False, languageStyle='LTR', name='feedback_CheckInstr2', opacity=1.0, ori=0, pos=array([  0., -70.]), rgb=UNKNOWN, text='Please press spacebar to continue.\n', units='pix', win=Window(...), wrapWidth=500)
54.8628 	INFO 	keyboard.Keyboard is using iohub backend.
54.8629 	EXP 	window1: mouseVisible = True
54.8755 	EXP 	Created InstrMainExp = TextStim(__class__=<class 'psychopy.visual.text.TextStim'>, alignHoriz=method-wrapper(...), alignText='center', alignVert=method-wrapper(...), anchorHoriz='center', anchorVert='center', antialias=True, autoDraw=False, autoLog=True, bold=False, color=array([1., 1., 1.]), colorSpace='rgb', contrast=1.0, depth=0.0, draggable=False, flipHoriz=False, flipVert=False, font='Arial', fontFiles=[], height=24.0, italic=False, languageStyle='LTR', name='InstrMainExp', opacity=1.0, ori=0, pos=array([0., 0.]), rgb=UNKNOWN, text=str(...), units='pix', win=Window(...), wrapWidth=500)
54.8755 	INFO 	keyboard.Keyboard is using iohub backend.
54.8756 	EXP 	window1: mouseVisible = True
54.8829 	EXP 	Created fixationPoint = ImageStim(__class__=<class 'psychopy.visual.image.ImageStim'>, anchor=('center', 'center'), autoLog=True, color=array([1., 1., 1.]), colorSpace='rgb', contrast=1.0, depth=-1.0, draggable=False, flipHoriz=False, flipVert=False, image='fixation.png', interpolate=False, mask=None, maskParams=None, name='fixationPoint', opacity=1.0, ori=0.0, pos=array([0., 0.]), size=array([1., 1.]), texRes=128.0, units='pix', win=Window(...))
54.8830 	EXP 	window1: mouseVisible = True
54.8853 	EXP 	Created fixationHint = TextStim(__class__=<class 'psychopy.visual.text.TextStim'>, alignHoriz=method-wrapper(...), alignText='center', alignVert=method-wrapper(...), anchorHoriz='center', anchorVert='center', antialias=True, autoDraw=False, autoLog=True, bold=False, color=array([1., 1., 1.]), colorSpace='rgb', contrast=1.0, depth=-2.0, draggable=False, flipHoriz=False, flipVert=False, font='Arial', fontFiles=[], height=24.0, italic=False, languageStyle='LTR', name='fixationHint', opacity=1.0, ori=0.0, pos=array([0., 0.]), rgb=UNKNOWN, text=str(...), units='pix', win=Window(...), wrapWidth=500)
54.8853 	EXP 	window1: mouseVisible = True
54.8854 	EXP 	window1: mouseVisible = True
54.8925 	EXP 	Created fixationPoint_2 = ImageStim(__class__=<class 'psychopy.visual.image.ImageStim'>, anchor=('center', 'center'), autoLog=True, color=array([1., 1., 1.]), colorSpace='rgb', contrast=1.0, depth=-1.0, draggable=False, flipHoriz=False, flipVert=False, image='greenfixation.png', interpolate=False, mask=None, maskParams=None, name='fixationPoint_2', opacity=1.0, ori=0.0, pos=array([0., 0.]), size=array([1., 1.]), texRes=128.0, units='pix', win=Window(...))
54.8926 	EXP 	window1: mouseVisible = True
54.8936 	EXP 	Created background = Rect(__class__=<class 'psychopy.visual.rect.Rect'>, anchor=('center', 'center'), autoDraw=False, autoLog=True, closeShape=True, color=method-wrapper(...), colorSpace='rgb', contrast=None, depth=-1.0, draggable=False, fillColor=array([0.00392157, 0.00392157, 0.00392157]), fillColorSpace='rgb', fillRGB=array([0.00392157, 0.00392157, 0.00392157]), interpolate=True, lineColor=array([1., 1., 1.]), lineColorSpace='rgb', lineRGB=array([1, 1, 1]), lineWidth=1.0, name='background', opacity=1.0, ori=0.0, pos=array([0., 0.]), size=array([1., 1.]), units='pix', vertices=ndarray(...), win=Window(...))
54.8936 	EXP 	window1: mouseVisible = True
54.8976 	EXP 	Created imageT = ImageStim(__class__=<class 'psychopy.visual.image.ImageStim'>, anchor=('center', 'center'), autoLog=True, color=array([1., 1., 1.]), colorSpace='rgb', contrast=1.0, depth=-2.0, draggable=False, flipHoriz=False, flipVert=False, image='T.png', interpolate=False, mask=None, maskParams=None, name='imageT', opacity=1.0, ori=1.0, pos=array([0., 0.]), size=array([1., 1.]), texRes=128, units='pix', win=Window(...))
54.8977 	EXP 	window1: mouseVisible = True
54.9017 	EXP 	Created imageL1 = ImageStim(__class__=<class 'psychopy.visual.image.ImageStim'>, anchor=('center', 'center'), autoLog=True, color=array([1., 1., 1.]), colorSpace='rgb', contrast=1.0, depth=-3.0, draggable=False, flipHoriz=False, flipVert=False, image='L.png', interpolate=False, mask=None, maskParams=None, name='imageL1', opacity=1.0, ori=1.0, pos=array([0., 0.]), size=array([1., 1.]), texRes=128, units='pix', win=Window(...))
54.9018 	EXP 	window1: mouseVisible = True
54.9057 	EXP 	Created imageL2 = ImageStim(__class__=<class 'psychopy.visual.image.ImageStim'>, anchor=('center', 'center'), autoLog=True, color=array([1., 1., 1.]), colorSpace='rgb', contrast=1.0, depth=-4.0, draggable=False, flipHoriz=False, flipVert=False, image='L.png', interpolate=False, mask=None, maskParams=None, name='imageL2', opacity=1.0, ori=1.0, pos=array([0., 0.]), size=array([1., 1.]), texRes=128, units='pix', win=Window(...))
54.9057 	EXP 	window1: mouseVisible = True
54.9096 	EXP 	Created imageL3 = ImageStim(__class__=<class 'psychopy.visual.image.ImageStim'>, anchor=('center', 'center'), autoLog=True, color=array([1., 1., 1.]), colorSpace='rgb', contrast=1.0, depth=-5.0, draggable=False, flipHoriz=False, flipVert=False, image='L.png', interpolate=False, mask=None, maskParams=None, name='imageL3', opacity=1.0, ori=1.0, pos=array([0., 0.]), size=array([1., 1.]), texRes=128, units='pix', win=Window(...))
54.9096 	EXP 	window1: mouseVisible = True
54.9135 	EXP 	Created imageL4 = ImageStim(__class__=<class 'psychopy.visual.image.ImageStim'>, anchor=('center', 'center'), autoLog=True, color=array([1., 1., 1.]), colorSpace='rgb', contrast=1.0, depth=-6.0, draggable=False, flipHoriz=False, flipVert=False, image='L.png', interpolate=False, mask=None, maskParams=None, name='imageL4', opacity=1.0, ori=1.0, pos=array([0., 0.]), size=array([1., 1.]), texRes=128, units='pix', win=Window(...))
54.9135 	EXP 	window1: mouseVisible = True
54.9174 	EXP 	Created imageL5 = ImageStim(__class__=<class 'psychopy.visual.image.ImageStim'>, anchor=('center', 'center'), autoLog=True, color=array([1., 1., 1.]), colorSpace='rgb', contrast=1.0, depth=-7.0, draggable=False, flipHoriz=False, flipVert=False, image='L.png', interpolate=False, mask=None, maskParams=None, name='imageL5', opacity=1.0, ori=1.0, pos=array([0., 0.]), size=array([1., 1.]), texRes=128, units='pix', win=Window(...))
54.9174 	EXP 	window1: mouseVisible = True
54.9213 	EXP 	Created imageL6 = ImageStim(__class__=<class 'psychopy.visual.image.ImageStim'>, anchor=('center', 'center'), autoLog=True, color=array([1., 1., 1.]), colorSpace='rgb', contrast=1.0, depth=-8.0, draggable=False, flipHoriz=False, flipVert=False, image='L.png', interpolate=False, mask=None, maskParams=None, name='imageL6', opacity=1.0, ori=1.0, pos=array([0., 0.]), size=array([1., 1.]), texRes=128, units='pix', win=Window(...))
54.9213 	EXP 	window1: mouseVisible = True
54.9251 	EXP 	Created imageL7 = ImageStim(__class__=<class 'psychopy.visual.image.ImageStim'>, anchor=('center', 'center'), autoLog=True, color=array([1., 1., 1.]), colorSpace='rgb', contrast=1.0, depth=-9.0, draggable=False, flipHoriz=False, flipVert=False, image='L.png', interpolate=False, mask=None, maskParams=None, name='imageL7', opacity=1.0, ori=1.0, pos=array([0., 0.]), size=array([1., 1.]), texRes=128, units='pix', win=Window(...))
54.9252 	EXP 	window1: mouseVisible = True
54.9291 	EXP 	Created imageL8 = ImageStim(__class__=<class 'psychopy.visual.image.ImageStim'>, anchor=('center', 'center'), autoLog=True, color=array([1., 1., 1.]), colorSpace='rgb', contrast=1.0, depth=-10.0, draggable=False, flipHoriz=False, flipVert=False, image='L.png', interpolate=False, mask=None, maskParams=None, name='imageL8', opacity=1.0, ori=1.0, pos=array([0., 0.]), size=array([1., 1.]), texRes=128, units='pix', win=Window(...))
54.9291 	EXP 	window1: mouseVisible = True
54.9330 	EXP 	Created imageL9 = ImageStim(__class__=<class 'psychopy.visual.image.ImageStim'>, anchor=('center', 'center'), autoLog=True, color=array([1., 1., 1.]), colorSpace='rgb', contrast=1.0, depth=-11.0, draggable=False, flipHoriz=False, flipVert=False, image='L.png', interpolate=False, mask=None, maskParams=None, name='imageL9', opacity=1.0, ori=1.0, pos=array([0., 0.]), size=array([1., 1.]), texRes=128, units='pix', win=Window(...))
54.9331 	EXP 	window1: mouseVisible = True
54.9369 	EXP 	Created imageL10 = ImageStim(__class__=<class 'psychopy.visual.image.ImageStim'>, anchor=('center', 'center'), autoLog=True, color=array([1., 1., 1.]), colorSpace='rgb', contrast=1.0, depth=-12.0, draggable=False, flipHoriz=False, flipVert=False, image='L.png', interpolate=False, mask=None, maskParams=None, name='imageL10', opacity=1.0, ori=1.0, pos=array([0., 0.]), size=array([1., 1.]), texRes=128, units='pix', win=Window(...))
54.9370 	EXP 	window1: mouseVisible = True
54.9408 	EXP 	Created imageL11 = ImageStim(__class__=<class 'psychopy.visual.image.ImageStim'>, anchor=('center', 'center'), autoLog=True, color=array([1., 1., 1.]), colorSpace='rgb', contrast=1.0, depth=-13.0, draggable=False, flipHoriz=False, flipVert=False, image='L.png', interpolate=False, mask=None, maskParams=None, name='imageL11', opacity=1.0, ori=1.0, pos=array([0., 0.]), size=array([1., 1.]), texRes=128, units='pix', win=Window(...))
54.9409 	EXP 	window1: mouseVisible = True
64.9348 	EXP 	Created imageAperture = ImageStim(__class__=<class 'psychopy.visual.image.ImageStim'>, anchor=('center', 'center'), autoLog=True, color=array([1., 1., 1.]), colorSpace='rgb', contrast=1.0, depth=-14.0, draggable=False, flipHoriz=False, flipVert=False, image='plainBackground.png', interpolate=True, mask='circleMask.png', maskParams=None, name='imageAperture', opacity=1.0, ori=0.0, pos=array([0., 0.]), size=array([1., 1.]), texRes=512, units='pix', win=Window(...))
64.9349 	EXP 	window1: mouseVisible = True
75.3913 	EXP 	Created CenterAperture = ImageStim(__class__=<class 'psychopy.visual.image.ImageStim'>, anchor=('center', 'center'), autoLog=True, color=array([1., 1., 1.]), colorSpace='rgb', contrast=1.0, depth=-15.0, draggable=False, flipHoriz=False, flipVert=False, image='plainBackground.png', interpolate=True, mask='circleMask.png', maskParams=None, name='CenterAperture', opacity=1.0, ori=0.0, pos=array([0., 0.]), size=array([1., 1.]), texRes=512, units='pix', win=Window(...))
75.3923 	EXP 	window1: mouseVisible = True
75.3934 	EXP 	Created searchHint = TextStim(__class__=<class 'psychopy.visual.text.TextStim'>, alignHoriz=method-wrapper(...), alignText='center', alignVert=method-wrapper(...), anchorHoriz='center', anchorVert='center', antialias=True, autoDraw=False, autoLog=True, bold=False, color=array([1., 1., 1.]), colorSpace='rgb', contrast=1.0, depth=-16.0, draggable=False, flipHoriz=False, flipVert=False, font='Arial', fontFiles=[], height=24.0, italic=False, languageStyle='LTR', name='searchHint', opacity=1.0, ori=0.0, pos=array([0., 0.]), rgb=UNKNOWN, text='', units='pix', win=Window(...), wrapWidth=500)
75.3935 	EXP 	window1: mouseVisible = True
75.3936 	INFO 	keyboard.Keyboard is using iohub backend.
75.3937 	EXP 	window1: mouseVisible = True
75.3943 	EXP 	Created acctext = TextStim(__class__=<class 'psychopy.visual.text.TextStim'>, alignHoriz=method-wrapper(...), alignText='center', alignVert=method-wrapper(...), anchorHoriz='center', anchorVert='center', antialias=True, autoDraw=False, autoLog=True, bold=False, color=array([1., 1., 1.]), colorSpace='rgb', contrast=1.0, depth=-1.0, draggable=False, flipHoriz=False, flipVert=False, font='Arial', fontFiles=[], height=24.0, italic=False, languageStyle='LTR', name='acctext', opacity=1.0, ori=0.0, pos=array([  0., 120.]), rgb=UNKNOWN, text='', units='pix', win=Window(...), wrapWidth=500)
75.3944 	EXP 	window1: mouseVisible = True
75.3950 	EXP 	Created rttext = TextStim(__class__=<class 'psychopy.visual.text.TextStim'>, alignHoriz=method-wrapper(...), alignText='center', alignVert=method-wrapper(...), anchorHoriz='center', anchorVert='center', antialias=True, autoDraw=False, autoLog=True, bold=False, color=array([1., 1., 1.]), colorSpace='rgb', contrast=1.0, depth=-2.0, draggable=False, flipHoriz=False, flipVert=False, font='Arial', fontFiles=[], height=24.0, italic=False, languageStyle='LTR', name='rttext', opacity=1.0, ori=0.0, pos=array([ 0., 60.]), rgb=UNKNOWN, text='', units='pix', win=Window(...), wrapWidth=500)
75.3951 	EXP 	window1: mouseVisible = True
75.3997 	EXP 	Created textBreak = TextStim(__class__=<class 'psychopy.visual.text.TextStim'>, alignHoriz=method-wrapper(...), alignText='center', alignVert=method-wrapper(...), anchorHoriz='center', anchorVert='center', antialias=True, autoDraw=False, autoLog=True, bold=False, color=array([1., 1., 1.]), colorSpace='rgb', contrast=1.0, depth=-3.0, draggable=False, flipHoriz=False, flipVert=False, font='Arial', fontFiles=[], height=24.0, italic=False, languageStyle='LTR', name='textBreak', opacity=1.0, ori=0, pos=array([  0., -50.]), rgb=UNKNOWN, text=str(...), units='pix', win=Window(...), wrapWidth=500)
75.3998 	EXP 	window1: mouseVisible = True
75.4004 	EXP 	Created textBlockRemaining = TextStim(__class__=<class 'psychopy.visual.text.TextStim'>, alignHoriz=method-wrapper(...), alignText='center', alignVert=method-wrapper(...), anchorHoriz='center', anchorVert='center', antialias=True, autoDraw=False, autoLog=True, bold=False, color=array([1., 1., 1.]), colorSpace='rgb', contrast=1.0, depth=-4.0, draggable=False, flipHoriz=False, flipVert=False, font='Arial', fontFiles=[], height=24, italic=False, languageStyle='LTR', name='textBlockRemaining', opacity=1.0, ori=0, pos=array([0., 0.]), rgb=UNKNOWN, text='', units='pix', win=Window(...), wrapWidth=500)
75.4004 	INFO 	keyboard.Keyboard is using iohub backend.
75.4005 	EXP 	window1: mouseVisible = True
75.4214 	EXP 	Created InstrTestingPhase = TextStim(__class__=<class 'psychopy.visual.text.TextStim'>, alignHoriz=method-wrapper(...), alignText='center', alignVert=method-wrapper(...), anchorHoriz='center', anchorVert='center', antialias=True, autoDraw=False, autoLog=True, bold=False, color=array([1., 1., 1.]), colorSpace='rgb', contrast=1.0, depth=0.0, draggable=False, flipHoriz=False, flipVert=False, font='Arial', fontFiles=[], height=24.0, italic=False, languageStyle='LTR', name='InstrTestingPhase', opacity=1.0, ori=0.0, pos=array([0., 0.]), rgb=UNKNOWN, text=str(...), units='pix', win=Window(...), wrapWidth=500)
75.4214 	INFO 	keyboard.Keyboard is using iohub backend.
75.4215 	EXP 	window1: mouseVisible = True
75.4299 	EXP 	Created fixPointRT_2 = ImageStim(__class__=<class 'psychopy.visual.image.ImageStim'>, anchor=('center', 'center'), autoLog=True, color=array([1., 1., 1.]), colorSpace='rgb', contrast=1.0, depth=-1.0, draggable=False, flipHoriz=False, flipVert=False, image='fixation.png', interpolate=False, mask=None, maskParams=None, name='fixPointRT_2', opacity=1.0, ori=0.0, pos=array([0., 0.]), size=array([1., 1.]), texRes=128.0, units='pix', win=Window(...))
75.4300 	INFO 	keyboard.Keyboard is using iohub backend.
75.4301 	EXP 	window1: mouseVisible = True
75.4311 	EXP 	Created background_3 = Rect(__class__=<class 'psychopy.visual.rect.Rect'>, anchor=('center', 'center'), autoDraw=False, autoLog=True, closeShape=True, color=method-wrapper(...), colorSpace='rgb', contrast=None, depth=-1.0, draggable=False, fillColor=array([0.00392157, 0.00392157, 0.00392157]), fillColorSpace='rgb', fillRGB=array([0.00392157, 0.00392157, 0.00392157]), interpolate=True, lineColor=array([1., 1., 1.]), lineColorSpace='rgb', lineRGB=array([1, 1, 1]), lineWidth=1.0, name='background_3', opacity=1.0, ori=0.0, pos=array([0., 0.]), size=array([1., 1.]), units='pix', vertices=ndarray(...), win=Window(...))
75.4312 	EXP 	window1: mouseVisible = True
75.4355 	EXP 	Created imageT_3 = ImageStim(__class__=<class 'psychopy.visual.image.ImageStim'>, anchor=('center', 'center'), autoLog=True, color=array([1., 1., 1.]), colorSpace='rgb', contrast=1.0, depth=-2.0, draggable=False, flipHoriz=False, flipVert=False, image='T.png', interpolate=False, mask=None, maskParams=None, name='imageT_3', opacity=1.0, ori=1.0, pos=array([0., 0.]), size=array([1., 1.]), texRes=128, units='pix', win=Window(...))
75.4355 	EXP 	window1: mouseVisible = True
75.4397 	EXP 	Created imageL1_3 = ImageStim(__class__=<class 'psychopy.visual.image.ImageStim'>, anchor=('center', 'center'), autoLog=True, color=array([1., 1., 1.]), colorSpace='rgb', contrast=1.0, depth=-3.0, draggable=False, flipHoriz=False, flipVert=False, image='L.png', interpolate=False, mask=None, maskParams=None, name='imageL1_3', opacity=1.0, ori=1.0, pos=array([0., 0.]), size=array([1., 1.]), texRes=128, units='pix', win=Window(...))
75.4397 	EXP 	window1: mouseVisible = True
75.4437 	EXP 	Created imageL2_3 = ImageStim(__class__=<class 'psychopy.visual.image.ImageStim'>, anchor=('center', 'center'), autoLog=True, color=array([1., 1., 1.]), colorSpace='rgb', contrast=1.0, depth=-4.0, draggable=False, flipHoriz=False, flipVert=False, image='L.png', interpolate=False, mask=None, maskParams=None, name='imageL2_3', opacity=1.0, ori=1.0, pos=array([0., 0.]), size=array([1., 1.]), texRes=128, units='pix', win=Window(...))
75.4437 	EXP 	window1: mouseVisible = True
75.4476 	EXP 	Created imageL3_3 = ImageStim(__class__=<class 'psychopy.visual.image.ImageStim'>, anchor=('center', 'center'), autoLog=True, color=array([1., 1., 1.]), colorSpace='rgb', contrast=1.0, depth=-5.0, draggable=False, flipHoriz=False, flipVert=False, image='L.png', interpolate=False, mask=None, maskParams=None, name='imageL3_3', opacity=1.0, ori=1.0, pos=array([0., 0.]), size=array([1., 1.]), texRes=128, units='pix', win=Window(...))
75.4476 	EXP 	window1: mouseVisible = True
75.4515 	EXP 	Created imageL4_3 = ImageStim(__class__=<class 'psychopy.visual.image.ImageStim'>, anchor=('center', 'center'), autoLog=True, color=array([1., 1., 1.]), colorSpace='rgb', contrast=1.0, depth=-6.0, draggable=False, flipHoriz=False, flipVert=False, image='L.png', interpolate=False, mask=None, maskParams=None, name='imageL4_3', opacity=1.0, ori=1.0, pos=array([0., 0.]), size=array([1., 1.]), texRes=128, units='pix', win=Window(...))
75.4515 	EXP 	window1: mouseVisible = True
75.4554 	EXP 	Created imageL5_3 = ImageStim(__class__=<class 'psychopy.visual.image.ImageStim'>, anchor=('center', 'center'), autoLog=True, color=array([1., 1., 1.]), colorSpace='rgb', contrast=1.0, depth=-7.0, draggable=False, flipHoriz=False, flipVert=False, image='L.png', interpolate=False, mask=None, maskParams=None, name='imageL5_3', opacity=1.0, ori=1.0, pos=array([0., 0.]), size=array([1., 1.]), texRes=128, units='pix', win=Window(...))
75.4555 	EXP 	window1: mouseVisible = True
75.4593 	EXP 	Created imageL6_3 = ImageStim(__class__=<class 'psychopy.visual.image.ImageStim'>, anchor=('center', 'center'), autoLog=True, color=array([1., 1., 1.]), colorSpace='rgb', contrast=1.0, depth=-8.0, draggable=False, flipHoriz=False, flipVert=False, image='L.png', interpolate=False, mask=None, maskParams=None, name='imageL6_3', opacity=1.0, ori=1.0, pos=array([0., 0.]), size=array([1., 1.]), texRes=128, units='pix', win=Window(...))
75.4594 	EXP 	window1: mouseVisible = True
75.4632 	EXP 	Created imageL7_3 = ImageStim(__class__=<class 'psychopy.visual.image.ImageStim'>, anchor=('center', 'center'), autoLog=True, color=array([1., 1., 1.]), colorSpace='rgb', contrast=1.0, depth=-9.0, draggable=False, flipHoriz=False, flipVert=False, image='L.png', interpolate=False, mask=None, maskParams=None, name='imageL7_3', opacity=1.0, ori=1.0, pos=array([0., 0.]), size=array([1., 1.]), texRes=128, units='pix', win=Window(...))
75.4633 	EXP 	window1: mouseVisible = True
75.4671 	EXP 	Created imageL8_3 = ImageStim(__class__=<class 'psychopy.visual.image.ImageStim'>, anchor=('center', 'center'), autoLog=True, color=array([1., 1., 1.]), colorSpace='rgb', contrast=1.0, depth=-10.0, draggable=False, flipHoriz=False, flipVert=False, image='L.png', interpolate=False, mask=None, maskParams=None, name='imageL8_3', opacity=1.0, ori=1.0, pos=array([0., 0.]), size=array([1., 1.]), texRes=128, units='pix', win=Window(...))
75.4672 	EXP 	window1: mouseVisible = True
75.4711 	EXP 	Created imageL9_3 = ImageStim(__class__=<class 'psychopy.visual.image.ImageStim'>, anchor=('center', 'center'), autoLog=True, color=array([1., 1., 1.]), colorSpace='rgb', contrast=1.0, depth=-11.0, draggable=False, flipHoriz=False, flipVert=False, image='L.png', interpolate=False, mask=None, maskParams=None, name='imageL9_3', opacity=1.0, ori=1.0, pos=array([0., 0.]), size=array([1., 1.]), texRes=128, units='pix', win=Window(...))
75.4711 	EXP 	window1: mouseVisible = True
75.4749 	EXP 	Created imageL10_3 = ImageStim(__class__=<class 'psychopy.visual.image.ImageStim'>, anchor=('center', 'center'), autoLog=True, color=array([1., 1., 1.]), colorSpace='rgb', contrast=1.0, depth=-12.0, draggable=False, flipHoriz=False, flipVert=False, image='L.png', interpolate=False, mask=None, maskParams=None, name='imageL10_3', opacity=1.0, ori=1.0, pos=array([0., 0.]), size=array([1., 1.]), texRes=128, units='pix', win=Window(...))
75.4750 	EXP 	window1: mouseVisible = True
75.4789 	EXP 	Created imageL11_3 = ImageStim(__class__=<class 'psychopy.visual.image.ImageStim'>, anchor=('center', 'center'), autoLog=True, color=array([1., 1., 1.]), colorSpace='rgb', contrast=1.0, depth=-13.0, draggable=False, flipHoriz=False, flipVert=False, image='L.png', interpolate=False, mask=None, maskParams=None, name='imageL11_3', opacity=1.0, ori=1.0, pos=array([0., 0.]), size=array([1., 1.]), texRes=128, units='pix', win=Window(...))
75.4790 	EXP 	window1: mouseVisible = True
85.6168 	EXP 	Created imageAperture_3 = ImageStim(__class__=<class 'psychopy.visual.image.ImageStim'>, anchor=('center', 'center'), autoLog=True, color=array([1., 1., 1.]), colorSpace='rgb', contrast=1.0, depth=-14.0, draggable=False, flipHoriz=False, flipVert=False, image='plainBackground.png', interpolate=True, mask='circleMask.png', maskParams=None, name='imageAperture_3', opacity=1.0, ori=0.0, pos=array([0., 0.]), size=array([1., 1.]), texRes=512, units='pix', win=Window(...))
85.6170 	EXP 	window1: mouseVisible = True
95.8220 	EXP 	Created CenterAperture_3 = ImageStim(__class__=<class 'psychopy.visual.image.ImageStim'>, anchor=('center', 'center'), autoLog=True, color=array([1., 1., 1.]), colorSpace='rgb', contrast=1.0, depth=-15.0, draggable=False, flipHoriz=False, flipVert=False, image='plainBackground.png', interpolate=True, mask='circleMask.png', maskParams=None, name='CenterAperture_3', opacity=1.0, ori=0.0, pos=array([0., 0.]), size=array([1., 1.]), texRes=512, units='pix', win=Window(...))
95.8220 	INFO 	keyboard.Keyboard is using iohub backend.
95.8222 	EXP 	window1: mouseVisible = True
95.8339 	EXP 	Created InstrRecognitionTest = TextStim(__class__=<class 'psychopy.visual.text.TextStim'>, alignHoriz=method-wrapper(...), alignText='center', alignVert=method-wrapper(...), anchorHoriz='center', anchorVert='center', antialias=True, autoDraw=False, autoLog=True, bold=False, color=array([1., 1., 1.]), colorSpace='rgb', contrast=1.0, depth=0.0, draggable=False, flipHoriz=False, flipVert=False, font='Arial', fontFiles=[], height=24.0, italic=False, languageStyle='LTR', name='InstrRecognitionTest', opacity=1.0, ori=0.0, pos=array([0., 0.]), rgb=UNKNOWN, text=str(...), units='pix', win=Window(...), wrapWidth=500)
95.8340 	INFO 	keyboard.Keyboard is using iohub backend.
95.8341 	EXP 	window1: mouseVisible = True
95.8417 	EXP 	Created fixPointRT = ImageStim(__class__=<class 'psychopy.visual.image.ImageStim'>, anchor=('center', 'center'), autoLog=True, color=array([1., 1., 1.]), colorSpace='rgb', contrast=1.0, depth=-1.0, draggable=False, flipHoriz=False, flipVert=False, image='fixation.png', interpolate=False, mask=None, maskParams=None, name='fixPointRT', opacity=1.0, ori=0.0, pos=array([0., 0.]), size=array([1., 1.]), texRes=128.0, units='pix', win=Window(...))
95.8417 	INFO 	keyboard.Keyboard is using iohub backend.
95.8417 	EXP 	window1: mouseVisible = True
95.8427 	EXP 	Created background_2 = Rect(__class__=<class 'psychopy.visual.rect.Rect'>, anchor=('center', 'center'), autoDraw=False, autoLog=True, closeShape=True, color=method-wrapper(...), colorSpace='rgb', contrast=None, depth=-1.0, draggable=False, fillColor=array([0.00392157, 0.00392157, 0.00392157]), fillColorSpace='rgb', fillRGB=array([0.00392157, 0.00392157, 0.00392157]), interpolate=True, lineColor=array([1., 1., 1.]), lineColorSpace='rgb', lineRGB=array([1, 1, 1]), lineWidth=1.0, name='background_2', opacity=1.0, ori=0.0, pos=array([0., 0.]), size=array([1., 1.]), units='pix', vertices=ndarray(...), win=Window(...))
95.8428 	EXP 	window1: mouseVisible = True
95.8469 	EXP 	Created imageT_2 = ImageStim(__class__=<class 'psychopy.visual.image.ImageStim'>, anchor=('center', 'center'), autoLog=True, color=array([1., 1., 1.]), colorSpace='rgb', contrast=1.0, depth=-2.0, draggable=False, flipHoriz=False, flipVert=False, image='T.png', interpolate=False, mask=None, maskParams=None, name='imageT_2', opacity=1.0, ori=1.0, pos=array([0., 0.]), size=array([1., 1.]), texRes=128, units='pix', win=Window(...))
95.8470 	EXP 	window1: mouseVisible = True
95.8510 	EXP 	Created imageL1_2 = ImageStim(__class__=<class 'psychopy.visual.image.ImageStim'>, anchor=('center', 'center'), autoLog=True, color=array([1., 1., 1.]), colorSpace='rgb', contrast=1.0, depth=-3.0, draggable=False, flipHoriz=False, flipVert=False, image='L.png', interpolate=False, mask=None, maskParams=None, name='imageL1_2', opacity=1.0, ori=1.0, pos=array([0., 0.]), size=array([1., 1.]), texRes=128, units='pix', win=Window(...))
95.8511 	EXP 	window1: mouseVisible = True
95.8549 	EXP 	Created imageL2_2 = ImageStim(__class__=<class 'psychopy.visual.image.ImageStim'>, anchor=('center', 'center'), autoLog=True, color=array([1., 1., 1.]), colorSpace='rgb', contrast=1.0, depth=-4.0, draggable=False, flipHoriz=False, flipVert=False, image='L.png', interpolate=False, mask=None, maskParams=None, name='imageL2_2', opacity=1.0, ori=1.0, pos=array([0., 0.]), size=array([1., 1.]), texRes=128, units='pix', win=Window(...))
95.8550 	EXP 	window1: mouseVisible = True
95.8588 	EXP 	Created imageL3_2 = ImageStim(__class__=<class 'psychopy.visual.image.ImageStim'>, anchor=('center', 'center'), autoLog=True, color=array([1., 1., 1.]), colorSpace='rgb', contrast=1.0, depth=-5.0, draggable=False, flipHoriz=False, flipVert=False, image='L.png', interpolate=False, mask=None, maskParams=None, name='imageL3_2', opacity=1.0, ori=1.0, pos=array([0., 0.]), size=array([1., 1.]), texRes=128, units='pix', win=Window(...))
95.8589 	EXP 	window1: mouseVisible = True
95.8627 	EXP 	Created imageL4_2 = ImageStim(__class__=<class 'psychopy.visual.image.ImageStim'>, anchor=('center', 'center'), autoLog=True, color=array([1., 1., 1.]), colorSpace='rgb', contrast=1.0, depth=-6.0, draggable=False, flipHoriz=False, flipVert=False, image='L.png', interpolate=False, mask=None, maskParams=None, name='imageL4_2', opacity=1.0, ori=1.0, pos=array([0., 0.]), size=array([1., 1.]), texRes=128, units='pix', win=Window(...))
95.8628 	EXP 	window1: mouseVisible = True
95.8667 	EXP 	Created imageL5_2 = ImageStim(__class__=<class 'psychopy.visual.image.ImageStim'>, anchor=('center', 'center'), autoLog=True, color=array([1., 1., 1.]), colorSpace='rgb', contrast=1.0, depth=-7.0, draggable=False, flipHoriz=False, flipVert=False, image='L.png', interpolate=False, mask=None, maskParams=None, name='imageL5_2', opacity=1.0, ori=1.0, pos=array([0., 0.]), size=array([1., 1.]), texRes=128, units='pix', win=Window(...))
95.8668 	EXP 	window1: mouseVisible = True
95.8706 	EXP 	Created imageL6_2 = ImageStim(__class__=<class 'psychopy.visual.image.ImageStim'>, anchor=('center', 'center'), autoLog=True, color=array([1., 1., 1.]), colorSpace='rgb', contrast=1.0, depth=-8.0, draggable=False, flipHoriz=False, flipVert=False, image='L.png', interpolate=False, mask=None, maskParams=None, name='imageL6_2', opacity=1.0, ori=1.0, pos=array([0., 0.]), size=array([1., 1.]), texRes=128, units='pix', win=Window(...))
95.8706 	EXP 	window1: mouseVisible = True
95.8744 	EXP 	Created imageL7_2 = ImageStim(__class__=<class 'psychopy.visual.image.ImageStim'>, anchor=('center', 'center'), autoLog=True, color=array([1., 1., 1.]), colorSpace='rgb', contrast=1.0, depth=-9.0, draggable=False, flipHoriz=False, flipVert=False, image='L.png', interpolate=False, mask=None, maskParams=None, name='imageL7_2', opacity=1.0, ori=1.0, pos=array([0., 0.]), size=array([1., 1.]), texRes=128, units='pix', win=Window(...))
95.8745 	EXP 	window1: mouseVisible = True
95.8783 	EXP 	Created imageL8_2 = ImageStim(__class__=<class 'psychopy.visual.image.ImageStim'>, anchor=('center', 'center'), autoLog=True, color=array([1., 1., 1.]), colorSpace='rgb', contrast=1.0, depth=-10.0, draggable=False, flipHoriz=False, flipVert=False, image='L.png', interpolate=False, mask=None, maskParams=None, name='imageL8_2', opacity=1.0, ori=1.0, pos=array([0., 0.]), size=array([1., 1.]), texRes=128, units='pix', win=Window(...))
95.8783 	EXP 	window1: mouseVisible = True
95.8822 	EXP 	Created imageL9_2 = ImageStim(__class__=<class 'psychopy.visual.image.ImageStim'>, anchor=('center', 'center'), autoLog=True, color=array([1., 1., 1.]), colorSpace='rgb', contrast=1.0, depth=-11.0, draggable=False, flipHoriz=False, flipVert=False, image='L.png', interpolate=False, mask=None, maskParams=None, name='imageL9_2', opacity=1.0, ori=1.0, pos=array([0., 0.]), size=array([1., 1.]), texRes=128, units='pix', win=Window(...))
95.8823 	EXP 	window1: mouseVisible = True
95.8861 	EXP 	Created imageL10_2 = ImageStim(__class__=<class 'psychopy.visual.image.ImageStim'>, anchor=('center', 'center'), autoLog=True, color=array([1., 1., 1.]), colorSpace='rgb', contrast=1.0, depth=-12.0, draggable=False, flipHoriz=False, flipVert=False, image='L.png', interpolate=False, mask=None, maskParams=None, name='imageL10_2', opacity=1.0, ori=1.0, pos=array([0., 0.]), size=array([1., 1.]), texRes=128, units='pix', win=Window(...))
95.8861 	EXP 	window1: mouseVisible = True
95.8899 	EXP 	Created imageL11_2 = ImageStim(__class__=<class 'psychopy.visual.image.ImageStim'>, anchor=('center', 'center'), autoLog=True, color=array([1., 1., 1.]), colorSpace='rgb', contrast=1.0, depth=-13.0, draggable=False, flipHoriz=False, flipVert=False, image='L.png', interpolate=False, mask=None, maskParams=None, name='imageL11_2', opacity=1.0, ori=1.0, pos=array([0., 0.]), size=array([1., 1.]), texRes=128, units='pix', win=Window(...))
95.8900 	EXP 	window1: mouseVisible = True
105.9770 	EXP 	Created imageAperture_2 = ImageStim(__class__=<class 'psychopy.visual.image.ImageStim'>, anchor=('center', 'center'), autoLog=True, color=array([1., 1., 1.]), colorSpace='rgb', contrast=1.0, depth=-14.0, draggable=False, flipHoriz=False, flipVert=False, image='plainBackground.png', interpolate=True, mask='circleMask.png', maskParams=None, name='imageAperture_2', opacity=1.0, ori=0.0, pos=array([0., 0.]), size=array([1., 1.]), texRes=512, units='pix', win=Window(...))
105.9771 	EXP 	window1: mouseVisible = True
116.1358 	EXP 	Created CenterAperture_2 = ImageStim(__class__=<class 'psychopy.visual.image.ImageStim'>, anchor=('center', 'center'), autoLog=True, color=array([1., 1., 1.]), colorSpace='rgb', contrast=1.0, depth=-15.0, draggable=False, flipHoriz=False, flipVert=False, image='plainBackground.png', interpolate=True, mask='circleMask.png', maskParams=None, name='CenterAperture_2', opacity=1.0, ori=0.0, pos=array([0., 0.]), size=array([1., 1.]), texRes=512, units='pix', win=Window(...))
116.1358 	INFO 	keyboard.Keyboard is using iohub backend.
116.1360 	EXP 	window1: mouseVisible = True
116.1450 	EXP 	Created textEnd = TextStim(__class__=<class 'psychopy.visual.text.TextStim'>, alignHoriz=method-wrapper(...), alignText='center', alignVert=method-wrapper(...), anchorHoriz='center', anchorVert='center', antialias=True, autoDraw=False, autoLog=True, bold=False, color=array([1., 1., 1.]), colorSpace='rgb', contrast=1.0, depth=0.0, draggable=False, flipHoriz=False, flipVert=False, font='Arial', fontFiles=[], height=24.0, italic=False, languageStyle='LTR', name='textEnd', opacity=1.0, ori=0, pos=array([0., 0.]), rgb=UNKNOWN, text=str(...), units='pix', win=Window(...), wrapWidth=500)
0.0436 	INFO 	Keyboard events cleared
0.0432 	EXP 	InstrStartPage_text: autoDraw = True
9.5002 	WARNING 	t of last frame was 20.51ms (=1/48)
10.9881 	WARNING 	t of last frame was 21.35ms (=1/46)
12.4263 	DATA 	Keypress: space
12.4322 	EXP 	InstrStartPage_text: autoDraw = False
12.4322 	EXP 	loading: autoDraw = True
26.8182 	DATA 	Keypress: escape
26.8969 	EXP 	MouseEye_CC: status = STOPPED
26.8997 	EXP 	loading: autoDraw = False
26.8998 	EXP 	MouseEye_CC: status = STOPPED
26.9074 	INFO 	saved data to '/Users/seanliu/Documents/AMC_Lab/MouseEye/MouseEye_TunnelVision_REP_ContextualCueing_fromscratch/data/999_MouseEye_CC_2023-10-18_15h11.40.553.csv'
26.9092 	INFO 	saved data to /Users/seanliu/Documents/AMC_Lab/MouseEye/MouseEye_TunnelVision_REP_ContextualCueing_fromscratch/data/999_MouseEye_CC_2023-10-18_15h11.40.553.psydat
26.9213 	EXP 	window1: mouseVisible = True
27.2242 	DEBUG 	Saving data for MouseEye_CC ExperimentHandler
