21.2633 	INFO 	Loaded monitor calibration from ['2023_10_02 14:19']
21.5742 	DEBUG 	TextBox2 loaded 1 chars with 0 blanks and 1 valid
21.5750 	DEBUG 	TextBox2 loaded 1 chars with 0 blanks and 1 valid
21.5758 	DEBUG 	TextBox2 loaded 1 chars with 0 blanks and 1 valid
21.5771 	DEBUG 	TextBox2 loaded 1 chars with 0 blanks and 1 valid
21.5782 	DEBUG 	TextBox2 loaded 1 chars with 0 blanks and 1 valid
21.5786 	DEBUG 	TextBox2 loaded 1 chars with 0 blanks and 1 valid
21.5794 	DEBUG 	TextBox2 loaded 1 chars with 0 blanks and 1 valid
21.5806 	DEBUG 	TextBox2 loaded 1 chars with 0 blanks and 1 valid
21.5809 	DEBUG 	TextBox2 loaded 1 chars with 0 blanks and 1 valid
21.5811 	DEBUG 	TextBox2 loaded 1 chars with 0 blanks and 1 valid
21.5820 	DEBUG 	TextBox2 loaded 1 chars with 0 blanks and 1 valid
21.5828 	DEBUG 	TextBox2 loaded 1 chars with 0 blanks and 1 valid
21.5835 	DEBUG 	TextBox2 loaded 1 chars with 0 blanks and 1 valid
21.5842 	DEBUG 	TextBox2 loaded 1 chars with 0 blanks and 1 valid
21.5848 	DEBUG 	TextBox2 loaded 1 chars with 0 blanks and 1 valid
21.5856 	DEBUG 	TextBox2 loaded 1 chars with 0 blanks and 1 valid
21.5864 	DEBUG 	TextBox2 loaded 1 chars with 0 blanks and 1 valid
21.5867 	DEBUG 	TextBox2 loaded 1 chars with 0 blanks and 1 valid
21.5870 	DEBUG 	TextBox2 loaded 1 chars with 0 blanks and 1 valid
21.5881 	DEBUG 	TextBox2 loaded 1 chars with 0 blanks and 1 valid
21.5887 	DEBUG 	TextBox2 loaded 1 chars with 0 blanks and 1 valid
21.5891 	DEBUG 	Uploading Texture Font fontname to graphics card
21.5920 	DEBUG 	Upload of Texture Font fontname complete
21.5982 	DEBUG 	TextBox2 loaded 1 chars with 0 blanks and 1 valid
21.5993 	DEBUG 	TextBox2 loaded 1 chars with 0 blanks and 1 valid
21.6003 	DEBUG 	TextBox2 loaded 1 chars with 0 blanks and 1 valid
21.6005 	DEBUG 	Uploading Texture Font fontname to graphics card
21.6024 	DEBUG 	Upload of Texture Font fontname complete
22.5750 	WARNING 	Couldn't measure a consistent frame rate!
  - Is your graphics card set to sync to vertical blank?
  - Are you running other processes on your computer?

22.5755 	EXP 	Created window1 = Window(allowGUI=True, allowStencil=False, autoLog=True, backendConf=UNKNOWN, backgroundFit=<method-wrapper '__getattribute__' of attributeSetter object at 0x7fa2a4147940>, backgroundImage=<method-wrapper '__getattribute__' of attributeSetter object at 0x7fa2a41478e0>, bitsMode=UNKNOWN, blendMode='avg', bpc=(8, 8, 8), color=array([0, 0, 0]), colorSpace='rgb', depthBits=8, fullscr=<method-wrapper '__getattribute__' of attributeSetter object at 0x7fa2a4147760>, gamma=None, gammaErrorPolicy='raise', lms=UNKNOWN, monitor=<psychopy.monitors.calibTools.Monitor object at 0x7fa2a42e31c0>, multiSample=False, name='window1', numSamples=2, pos=(479, 286), screen=0, size=array([2048, 1536]), stencilBits=0, stereo=False, title='PsychoPy', units='pix', useFBO=True, useRetina=True, viewOri=0.0, viewPos=None, viewScale=None, waitBlanking=True, winType='pyglet')
22.5756 	EXP 	window1: mouseVisible = True
22.5756 	EXP 	window1: backgroundImage = ''
22.5757 	EXP 	window1: backgroundFit = 'none'
22.5789 	EXP 	window1: Attempting to measure frame rate of screen (0) ...
22.5789 	EXP 	window1: recordFrameIntervals = False
22.6578 	EXP 	window1: recordFrameIntervals = True
23.4911 	WARNING 	Couldn't measure a consistent frame rate!
  - Is your graphics card set to sync to vertical blank?
  - Are you running other processes on your computer?

23.4912 	EXP 	window1: mouseVisible = True
23.6366 	WARNING 	launchHubServer: If using the iohub mouse or eyetracker devices, fullScr should be True.
29.0541 	INFO 	keyboard.Keyboard is using iohub backend.
29.0541 	EXP 	MouseEye_CC: status = STARTED
29.0544 	EXP 	window1: mouseVisible = True
29.1192 	EXP 	Created InstrStartPage_text = TextStim(__class__=<class 'psychopy.visual.text.TextStim'>, alignHoriz=method-wrapper(...), alignText='center', alignVert=method-wrapper(...), anchorHoriz='center', anchorVert='center', antialias=True, autoDraw=False, autoLog=True, bold=False, color=array([1., 1., 1.]), colorSpace='rgb', contrast=1.0, depth=-1.0, draggable=False, flipHoriz=False, flipVert=False, font='Arial', fontFiles=[], height=24.0, italic=False, languageStyle='LTR', name='InstrStartPage_text', opacity=1.0, ori=0.0, pos=array([0., 0.]), rgb=UNKNOWN, text=str(...), units='pix', win=Window(...), wrapWidth=500)
29.1192 	INFO 	keyboard.Keyboard is using iohub backend.
29.1193 	EXP 	window1: mouseVisible = True
29.1215 	EXP 	Created loading = TextStim(__class__=<class 'psychopy.visual.text.TextStim'>, alignHoriz=method-wrapper(...), alignText='center', alignVert=method-wrapper(...), anchorHoriz='center', anchorVert='center', antialias=True, autoDraw=False, autoLog=True, bold=False, color=array([1., 1., 1.]), colorSpace='rgb', contrast=1.0, depth=-1.0, draggable=False, flipHoriz=False, flipVert=False, font='Arial', fontFiles=[], height=24.0, italic=False, languageStyle='LTR', name='loading', opacity=1.0, ori=0, pos=array([0., 0.]), rgb=UNKNOWN, text='Loading......', units='pix', win=Window(...), wrapWidth=500)
29.1216 	EXP 	window1: mouseVisible = True
29.1304 	EXP 	Created InstrRedo_txt = TextStim(__class__=<class 'psychopy.visual.text.TextStim'>, alignHoriz=method-wrapper(...), alignText='center', alignVert=method-wrapper(...), anchorHoriz='center', anchorVert='center', antialias=True, autoDraw=False, autoLog=True, bold=False, color=array([1., 1., 1.]), colorSpace='rgb', contrast=1.0, depth=-2.0, draggable=False, flipHoriz=False, flipVert=False, font='Arial', fontFiles=[], height=28.0, italic=False, languageStyle='LTR', name='InstrRedo_txt', opacity=1.0, ori=0.0, pos=array([0., 0.]), rgb=UNKNOWN, text=str(...), units='pix', win=Window(...), wrapWidth=500)
29.1304 	INFO 	keyboard.Keyboard is using iohub backend.
29.1305 	EXP 	window1: mouseVisible = True
29.1320 	EXP 	Created loadingRedo_txt = TextStim(__class__=<class 'psychopy.visual.text.TextStim'>, alignHoriz=method-wrapper(...), alignText='center', alignVert=method-wrapper(...), anchorHoriz='center', anchorVert='center', antialias=True, autoDraw=False, autoLog=True, bold=False, color=array([1., 1., 1.]), colorSpace='rgb', contrast=1.0, depth=-2.0, draggable=False, flipHoriz=False, flipVert=False, font='Arial', fontFiles=[], height=24.0, italic=False, languageStyle='LTR', name='loadingRedo_txt', opacity=1.0, ori=0, pos=array([0., 0.]), rgb=UNKNOWN, text='Loading......', units='pix', win=Window(...), wrapWidth=500)
29.1321 	EXP 	window1: mouseVisible = True
29.2688 	EXP 	Created instr1_key = ImageStim(__class__=<class 'psychopy.visual.image.ImageStim'>, anchor=('center', 'center'), autoLog=True, color=array([1., 1., 1.]), colorSpace='rgb', contrast=1.0, depth=0.0, draggable=False, flipHoriz=False, flipVert=False, image='instr1_key.png', interpolate=False, mask=None, maskParams=None, name='instr1_key', opacity=1.0, ori=0.0, pos=array([0., 0.]), size=array([641., 488.]), texRes=512, units='pix', win=Window(...))
29.2689 	INFO 	keyboard.Keyboard is using iohub backend.
29.2692 	EXP 	window1: mouseVisible = True
29.2743 	EXP 	Created fixation_keyprac = ShapeStim(__class__=<class 'psychopy.visual.shape.ShapeStim'>, anchor=('center', 'center'), autoDraw=False, autoLog=True, closeShape=True, color=method-wrapper(...), colorSpace='rgb', contrast=None, depth=-1.0, draggable=False, fillColor=array([1, 1, 1]), fillColorSpace='rgb', fillRGB=array([1, 1, 1]), interpolate=True, lineColor=array([1., 1., 1.]), lineColorSpace='rgb', lineRGB=array([1, 1, 1]), lineWidth=1.0, name='fixation_keyprac', opacity=1.0, ori=0.0, pos=array([0., 0.]), size=array([20., 20.]), units='pix', vertices=ndarray(...), win=Window(...), windingRule=None)
29.2744 	EXP 	window1: mouseVisible = True
29.2798 	EXP 	Created letterT = ImageStim(__class__=<class 'psychopy.visual.image.ImageStim'>, anchor=('center', 'center'), autoLog=True, color=array([1., 1., 1.]), colorSpace='rgb', contrast=1.0, depth=-2.0, draggable=False, flipHoriz=False, flipVert=False, image='T.png', interpolate=False, mask=None, maskParams=None, name='letterT', opacity=1.0, ori=1.0, pos=array([0., 0.]), size=array([80., 80.]), texRes=128, units='pix', win=Window(...))
29.2799 	EXP 	window1: mouseVisible = True
29.2843 	EXP 	Created keyHint = TextStim(__class__=<class 'psychopy.visual.text.TextStim'>, alignHoriz=method-wrapper(...), alignText='center', alignVert=method-wrapper(...), anchorHoriz='center', anchorVert='center', antialias=True, autoDraw=False, autoLog=True, bold=False, color=array([1., 1., 1.]), colorSpace='rgb', contrast=1.0, depth=-3.0, draggable=False, flipHoriz=False, flipVert=False, font='Arial', fontFiles=[], height=24.0, italic=False, languageStyle='LTR', name='keyHint', opacity=1.0, ori=0.0, pos=array([0., 0.]), rgb=UNKNOWN, text=str(...), units='pix', win=Window(...), wrapWidth=500)
29.2843 	INFO 	keyboard.Keyboard is using iohub backend.
29.2844 	EXP 	window1: mouseVisible = True
29.2852 	EXP 	Created keyFeedback = TextStim(__class__=<class 'psychopy.visual.text.TextStim'>, alignHoriz=method-wrapper(...), alignText='center', alignVert=method-wrapper(...), anchorHoriz='center', anchorVert='center', antialias=True, autoDraw=False, autoLog=True, bold=False, color=array([1., 1., 1.]), colorSpace='rgb', contrast=1.0, depth=0.0, draggable=False, flipHoriz=False, flipVert=False, font='Arial', fontFiles=[], height=32, italic=False, languageStyle='LTR', name='keyFeedback', opacity=1.0, ori=0, pos=array([0., 0.]), rgb=UNKNOWN, text='', units='pix', win=Window(...), wrapWidth=500)
29.2852 	EXP 	window1: mouseVisible = True
29.3732 	EXP 	Created instr2_search = ImageStim(__class__=<class 'psychopy.visual.image.ImageStim'>, anchor=('center', 'center'), autoLog=True, color=array([1., 1., 1.]), colorSpace='rgb', contrast=1.0, depth=0.0, draggable=False, flipHoriz=False, flipVert=False, image='instr2_search.png', interpolate=False, mask=None, maskParams=None, name='instr2_search', opacity=1.0, ori=0.0, pos=array([0., 0.]), size=array([594., 465.]), texRes=512, units='pix', win=Window(...))
29.3732 	INFO 	keyboard.Keyboard is using iohub backend.
29.3733 	EXP 	window1: mouseVisible = True
29.4131 	EXP 	Created instr3_fix = ImageStim(__class__=<class 'psychopy.visual.image.ImageStim'>, anchor=('center', 'center'), autoLog=True, color=array([1., 1., 1.]), colorSpace='rgb', contrast=1.0, depth=0.0, draggable=False, flipHoriz=False, flipVert=False, image='instr3_fix.png', interpolate=False, mask=None, maskParams=None, name='instr3_fix', opacity=1.0, ori=0.0, pos=array([0., 0.]), size=array([501., 234.]), texRes=512, units='pix', win=Window(...))
29.4131 	INFO 	keyboard.Keyboard is using iohub backend.
29.4132 	EXP 	window1: mouseVisible = True
29.4209 	EXP 	Created fixationPoint = ImageStim(__class__=<class 'psychopy.visual.image.ImageStim'>, anchor=('center', 'center'), autoLog=True, color=array([1., 1., 1.]), colorSpace='rgb', contrast=1.0, depth=-1.0, draggable=False, flipHoriz=False, flipVert=False, image='fixation.png', interpolate=False, mask=None, maskParams=None, name='fixationPoint', opacity=1.0, ori=0.0, pos=array([0., 0.]), size=array([1., 1.]), texRes=128.0, units='pix', win=Window(...))
29.4210 	EXP 	window1: mouseVisible = True
29.4283 	EXP 	Created fixationHint = TextStim(__class__=<class 'psychopy.visual.text.TextStim'>, alignHoriz=method-wrapper(...), alignText='center', alignVert=method-wrapper(...), anchorHoriz='center', anchorVert='center', antialias=True, autoDraw=False, autoLog=True, bold=False, color=array([1., 1., 1.]), colorSpace='rgb', contrast=1.0, depth=-2.0, draggable=False, flipHoriz=False, flipVert=False, font='Arial', fontFiles=[], height=24.0, italic=False, languageStyle='LTR', name='fixationHint', opacity=1.0, ori=0.0, pos=array([0., 0.]), rgb=UNKNOWN, text=str(...), units='pix', win=Window(...), wrapWidth=500)
29.4283 	EXP 	window1: mouseVisible = True
29.4284 	EXP 	window1: mouseVisible = True
29.4359 	EXP 	Created fixationPoint_2 = ImageStim(__class__=<class 'psychopy.visual.image.ImageStim'>, anchor=('center', 'center'), autoLog=True, color=array([1., 1., 1.]), colorSpace='rgb', contrast=1.0, depth=-1.0, draggable=False, flipHoriz=False, flipVert=False, image='greenfixation.png', interpolate=False, mask=None, maskParams=None, name='fixationPoint_2', opacity=1.0, ori=0.0, pos=array([0., 0.]), size=array([1., 1.]), texRes=128.0, units='pix', win=Window(...))
29.4360 	EXP 	window1: mouseVisible = True
29.4369 	EXP 	Created background = Rect(__class__=<class 'psychopy.visual.rect.Rect'>, anchor=('center', 'center'), autoDraw=False, autoLog=True, closeShape=True, color=method-wrapper(...), colorSpace='rgb', contrast=None, depth=-1.0, draggable=False, fillColor=array([0.00392157, 0.00392157, 0.00392157]), fillColorSpace='rgb', fillRGB=array([0.00392157, 0.00392157, 0.00392157]), interpolate=True, lineColor=array([1., 1., 1.]), lineColorSpace='rgb', lineRGB=array([1, 1, 1]), lineWidth=1.0, name='background', opacity=1.0, ori=0.0, pos=array([0., 0.]), size=array([1., 1.]), units='pix', vertices=ndarray(...), win=Window(...))
29.4370 	EXP 	window1: mouseVisible = True
29.4408 	EXP 	Created imageT = ImageStim(__class__=<class 'psychopy.visual.image.ImageStim'>, anchor=('center', 'center'), autoLog=True, color=array([1., 1., 1.]), colorSpace='rgb', contrast=1.0, depth=-2.0, draggable=False, flipHoriz=False, flipVert=False, image='T.png', interpolate=False, mask=None, maskParams=None, name='imageT', opacity=1.0, ori=1.0, pos=array([0., 0.]), size=array([1., 1.]), texRes=128, units='pix', win=Window(...))
29.4408 	EXP 	window1: mouseVisible = True
29.4450 	EXP 	Created imageL1 = ImageStim(__class__=<class 'psychopy.visual.image.ImageStim'>, anchor=('center', 'center'), autoLog=True, color=array([1., 1., 1.]), colorSpace='rgb', contrast=1.0, depth=-3.0, draggable=False, flipHoriz=False, flipVert=False, image='L.png', interpolate=False, mask=None, maskParams=None, name='imageL1', opacity=1.0, ori=1.0, pos=array([0., 0.]), size=array([1., 1.]), texRes=128, units='pix', win=Window(...))
29.4451 	EXP 	window1: mouseVisible = True
29.4488 	EXP 	Created imageL2 = ImageStim(__class__=<class 'psychopy.visual.image.ImageStim'>, anchor=('center', 'center'), autoLog=True, color=array([1., 1., 1.]), colorSpace='rgb', contrast=1.0, depth=-4.0, draggable=False, flipHoriz=False, flipVert=False, image='L.png', interpolate=False, mask=None, maskParams=None, name='imageL2', opacity=1.0, ori=1.0, pos=array([0., 0.]), size=array([1., 1.]), texRes=128, units='pix', win=Window(...))
29.4489 	EXP 	window1: mouseVisible = True
29.4527 	EXP 	Created imageL3 = ImageStim(__class__=<class 'psychopy.visual.image.ImageStim'>, anchor=('center', 'center'), autoLog=True, color=array([1., 1., 1.]), colorSpace='rgb', contrast=1.0, depth=-5.0, draggable=False, flipHoriz=False, flipVert=False, image='L.png', interpolate=False, mask=None, maskParams=None, name='imageL3', opacity=1.0, ori=1.0, pos=array([0., 0.]), size=array([1., 1.]), texRes=128, units='pix', win=Window(...))
29.4528 	EXP 	window1: mouseVisible = True
29.4565 	EXP 	Created imageL4 = ImageStim(__class__=<class 'psychopy.visual.image.ImageStim'>, anchor=('center', 'center'), autoLog=True, color=array([1., 1., 1.]), colorSpace='rgb', contrast=1.0, depth=-6.0, draggable=False, flipHoriz=False, flipVert=False, image='L.png', interpolate=False, mask=None, maskParams=None, name='imageL4', opacity=1.0, ori=1.0, pos=array([0., 0.]), size=array([1., 1.]), texRes=128, units='pix', win=Window(...))
29.4566 	EXP 	window1: mouseVisible = True
29.4603 	EXP 	Created imageL5 = ImageStim(__class__=<class 'psychopy.visual.image.ImageStim'>, anchor=('center', 'center'), autoLog=True, color=array([1., 1., 1.]), colorSpace='rgb', contrast=1.0, depth=-7.0, draggable=False, flipHoriz=False, flipVert=False, image='L.png', interpolate=False, mask=None, maskParams=None, name='imageL5', opacity=1.0, ori=1.0, pos=array([0., 0.]), size=array([1., 1.]), texRes=128, units='pix', win=Window(...))
29.4604 	EXP 	window1: mouseVisible = True
29.4642 	EXP 	Created imageL6 = ImageStim(__class__=<class 'psychopy.visual.image.ImageStim'>, anchor=('center', 'center'), autoLog=True, color=array([1., 1., 1.]), colorSpace='rgb', contrast=1.0, depth=-8.0, draggable=False, flipHoriz=False, flipVert=False, image='L.png', interpolate=False, mask=None, maskParams=None, name='imageL6', opacity=1.0, ori=1.0, pos=array([0., 0.]), size=array([1., 1.]), texRes=128, units='pix', win=Window(...))
29.4643 	EXP 	window1: mouseVisible = True
29.4681 	EXP 	Created imageL7 = ImageStim(__class__=<class 'psychopy.visual.image.ImageStim'>, anchor=('center', 'center'), autoLog=True, color=array([1., 1., 1.]), colorSpace='rgb', contrast=1.0, depth=-9.0, draggable=False, flipHoriz=False, flipVert=False, image='L.png', interpolate=False, mask=None, maskParams=None, name='imageL7', opacity=1.0, ori=1.0, pos=array([0., 0.]), size=array([1., 1.]), texRes=128, units='pix', win=Window(...))
29.4681 	EXP 	window1: mouseVisible = True
29.4718 	EXP 	Created imageL8 = ImageStim(__class__=<class 'psychopy.visual.image.ImageStim'>, anchor=('center', 'center'), autoLog=True, color=array([1., 1., 1.]), colorSpace='rgb', contrast=1.0, depth=-10.0, draggable=False, flipHoriz=False, flipVert=False, image='L.png', interpolate=False, mask=None, maskParams=None, name='imageL8', opacity=1.0, ori=1.0, pos=array([0., 0.]), size=array([1., 1.]), texRes=128, units='pix', win=Window(...))
29.4719 	EXP 	window1: mouseVisible = True
29.4756 	EXP 	Created imageL9 = ImageStim(__class__=<class 'psychopy.visual.image.ImageStim'>, anchor=('center', 'center'), autoLog=True, color=array([1., 1., 1.]), colorSpace='rgb', contrast=1.0, depth=-11.0, draggable=False, flipHoriz=False, flipVert=False, image='L.png', interpolate=False, mask=None, maskParams=None, name='imageL9', opacity=1.0, ori=1.0, pos=array([0., 0.]), size=array([1., 1.]), texRes=128, units='pix', win=Window(...))
29.4756 	EXP 	window1: mouseVisible = True
29.4793 	EXP 	Created imageL10 = ImageStim(__class__=<class 'psychopy.visual.image.ImageStim'>, anchor=('center', 'center'), autoLog=True, color=array([1., 1., 1.]), colorSpace='rgb', contrast=1.0, depth=-12.0, draggable=False, flipHoriz=False, flipVert=False, image='L.png', interpolate=False, mask=None, maskParams=None, name='imageL10', opacity=1.0, ori=1.0, pos=array([0., 0.]), size=array([1., 1.]), texRes=128, units='pix', win=Window(...))
29.4794 	EXP 	window1: mouseVisible = True
29.4833 	EXP 	Created imageL11 = ImageStim(__class__=<class 'psychopy.visual.image.ImageStim'>, anchor=('center', 'center'), autoLog=True, color=array([1., 1., 1.]), colorSpace='rgb', contrast=1.0, depth=-13.0, draggable=False, flipHoriz=False, flipVert=False, image='L.png', interpolate=False, mask=None, maskParams=None, name='imageL11', opacity=1.0, ori=1.0, pos=array([0., 0.]), size=array([1., 1.]), texRes=128, units='pix', win=Window(...))
29.4833 	EXP 	window1: mouseVisible = True
39.5057 	EXP 	Created imageAperture = ImageStim(__class__=<class 'psychopy.visual.image.ImageStim'>, anchor=('center', 'center'), autoLog=True, color=array([1., 1., 1.]), colorSpace='rgb', contrast=1.0, depth=-14.0, draggable=False, flipHoriz=False, flipVert=False, image='plainBackground.png', interpolate=True, mask='circleMask.png', maskParams=None, name='imageAperture', opacity=1.0, ori=0.0, pos=array([0., 0.]), size=array([1., 1.]), texRes=512, units='pix', win=Window(...))
39.5060 	EXP 	window1: mouseVisible = True
49.3749 	EXP 	Created CenterAperture = ImageStim(__class__=<class 'psychopy.visual.image.ImageStim'>, anchor=('center', 'center'), autoLog=True, color=array([1., 1., 1.]), colorSpace='rgb', contrast=1.0, depth=-15.0, draggable=False, flipHoriz=False, flipVert=False, image='plainBackground.png', interpolate=True, mask='circleMask.png', maskParams=None, name='CenterAperture', opacity=1.0, ori=0.0, pos=array([0., 0.]), size=array([1., 1.]), texRes=512, units='pix', win=Window(...))
49.3752 	EXP 	window1: mouseVisible = True
49.3760 	EXP 	Created searchHint = TextStim(__class__=<class 'psychopy.visual.text.TextStim'>, alignHoriz=method-wrapper(...), alignText='center', alignVert=method-wrapper(...), anchorHoriz='center', anchorVert='center', antialias=True, autoDraw=False, autoLog=True, bold=False, color=array([1., 1., 1.]), colorSpace='rgb', contrast=1.0, depth=-16.0, draggable=False, flipHoriz=False, flipVert=False, font='Arial', fontFiles=[], height=24.0, italic=False, languageStyle='LTR', name='searchHint', opacity=1.0, ori=0.0, pos=array([0., 0.]), rgb=UNKNOWN, text='', units='pix', win=Window(...), wrapWidth=500)
49.3760 	EXP 	window1: mouseVisible = True
49.3761 	INFO 	keyboard.Keyboard is using iohub backend.
49.3761 	EXP 	window1: mouseVisible = True
49.3767 	EXP 	Created textFeedback = TextStim(__class__=<class 'psychopy.visual.text.TextStim'>, alignHoriz=method-wrapper(...), alignText='center', alignVert=method-wrapper(...), anchorHoriz='center', anchorVert='center', antialias=True, autoDraw=False, autoLog=True, bold=False, color=array([1., 1., 1.]), colorSpace='rgb', contrast=1.0, depth=0.0, draggable=False, flipHoriz=False, flipVert=False, font='Arial', fontFiles=[], height=32, italic=False, languageStyle='LTR', name='textFeedback', opacity=1.0, ori=0, pos=array([0., 0.]), rgb=UNKNOWN, text='', units='pix', win=Window(...), wrapWidth=500)
49.3768 	EXP 	window1: mouseVisible = True
49.4771 	EXP 	Created instr4_hidden = ImageStim(__class__=<class 'psychopy.visual.image.ImageStim'>, anchor=('center', 'center'), autoLog=True, color=array([1., 1., 1.]), colorSpace='rgb', contrast=1.0, depth=-1.0, draggable=False, flipHoriz=False, flipVert=False, image='instr4_hidden.png', interpolate=False, mask=None, maskParams=None, name='instr4_hidden', opacity=1.0, ori=0.0, pos=array([0., 0.]), size=array([615., 516.]), texRes=512, units='pix', win=Window(...))
49.4772 	INFO 	keyboard.Keyboard is using iohub backend.
49.4773 	EXP 	window1: mouseVisible = True
49.5463 	EXP 	Created instr5_fixagain = ImageStim(__class__=<class 'psychopy.visual.image.ImageStim'>, anchor=('center', 'center'), autoLog=True, color=array([1., 1., 1.]), colorSpace='rgb', contrast=1.0, depth=-1.0, draggable=False, flipHoriz=False, flipVert=False, image='instr5_fixagain.png', interpolate=False, mask=None, maskParams=None, name='instr5_fixagain', opacity=1.0, ori=0.0, pos=array([0., 0.]), size=array([609., 351.]), texRes=512, units='pix', win=Window(...))
49.5463 	INFO 	keyboard.Keyboard is using iohub backend.
49.5464 	EXP 	window1: mouseVisible = True
49.5653 	EXP 	Created text_checkInstr = TextStim(__class__=<class 'psychopy.visual.text.TextStim'>, alignHoriz=method-wrapper(...), alignText='center', alignVert=method-wrapper(...), anchorHoriz='center', anchorVert='center', antialias=True, autoDraw=False, autoLog=True, bold=False, color=array([1., 1., 1.]), colorSpace='rgb', contrast=1.0, depth=0.0, draggable=False, flipHoriz=False, flipVert=False, font='Arial', fontFiles=[], height=24.0, italic=False, languageStyle='LTR', name='text_checkInstr', opacity=1.0, ori=0, pos=array([0., 0.]), rgb=UNKNOWN, text=str(...), units='pix', win=Window(...), wrapWidth=500)
49.5654 	EXP 	window1: mouseVisible = True
49.5699 	EXP 	Created checkIntr_example = ImageStim(__class__=<class 'psychopy.visual.image.ImageStim'>, anchor=('center', 'center'), autoLog=True, color=array([1., 1., 1.]), colorSpace='rgb', contrast=1.0, depth=-1.0, draggable=False, flipHoriz=False, flipVert=False, image='T.png', interpolate=False, mask=None, maskParams=None, name='checkIntr_example', opacity=1.0, ori=0.0, pos=array([0., 0.]), size=array([60., 60.]), texRes=512, units='pix', win=Window(...))
49.5700 	INFO 	keyboard.Keyboard is using iohub backend.
49.5700 	EXP 	window1: mouseVisible = True
49.5707 	EXP 	Created feedback_CheckInstr1 = TextStim(__class__=<class 'psychopy.visual.text.TextStim'>, alignHoriz=method-wrapper(...), alignText='center', alignVert=method-wrapper(...), anchorHoriz='center', anchorVert='center', antialias=True, autoDraw=False, autoLog=True, bold=False, color=array([1., 1., 1.]), colorSpace='rgb', contrast=1.0, depth=0.0, draggable=False, flipHoriz=False, flipVert=False, font='Arial', fontFiles=[], height=24, italic=False, languageStyle='LTR', name='feedback_CheckInstr1', opacity=1.0, ori=0, pos=array([0., 0.]), rgb=UNKNOWN, text='', units='pix', win=Window(...), wrapWidth=500)
49.5707 	EXP 	window1: mouseVisible = True
49.5727 	EXP 	Created feedback_CheckInstr2 = TextStim(__class__=<class 'psychopy.visual.text.TextStim'>, alignHoriz=method-wrapper(...), alignText='center', alignVert=method-wrapper(...), anchorHoriz='center', anchorVert='center', antialias=True, autoDraw=False, autoLog=True, bold=False, color=array([1., 1., 1.]), colorSpace='rgb', contrast=1.0, depth=-1.0, draggable=False, flipHoriz=False, flipVert=False, font='Arial', fontFiles=[], height=24.0, italic=False, languageStyle='LTR', name='feedback_CheckInstr2', opacity=1.0, ori=0, pos=array([  0., -70.]), rgb=UNKNOWN, text='Please press spacebar to continue.\n', units='pix', win=Window(...), wrapWidth=500)
49.5728 	INFO 	keyboard.Keyboard is using iohub backend.
49.5728 	EXP 	window1: mouseVisible = True
49.5854 	EXP 	Created InstrMainExp = TextStim(__class__=<class 'psychopy.visual.text.TextStim'>, alignHoriz=method-wrapper(...), alignText='center', alignVert=method-wrapper(...), anchorHoriz='center', anchorVert='center', antialias=True, autoDraw=False, autoLog=True, bold=False, color=array([1., 1., 1.]), colorSpace='rgb', contrast=1.0, depth=0.0, draggable=False, flipHoriz=False, flipVert=False, font='Arial', fontFiles=[], height=24.0, italic=False, languageStyle='LTR', name='InstrMainExp', opacity=1.0, ori=0, pos=array([0., 0.]), rgb=UNKNOWN, text=str(...), units='pix', win=Window(...), wrapWidth=500)
49.5855 	INFO 	keyboard.Keyboard is using iohub backend.
49.5855 	EXP 	window1: mouseVisible = True
49.5926 	EXP 	Created fixationPoint = ImageStim(__class__=<class 'psychopy.visual.image.ImageStim'>, anchor=('center', 'center'), autoLog=True, color=array([1., 1., 1.]), colorSpace='rgb', contrast=1.0, depth=-1.0, draggable=False, flipHoriz=False, flipVert=False, image='fixation.png', interpolate=False, mask=None, maskParams=None, name='fixationPoint', opacity=1.0, ori=0.0, pos=array([0., 0.]), size=array([1., 1.]), texRes=128.0, units='pix', win=Window(...))
49.5927 	EXP 	window1: mouseVisible = True
49.5949 	EXP 	Created fixationHint = TextStim(__class__=<class 'psychopy.visual.text.TextStim'>, alignHoriz=method-wrapper(...), alignText='center', alignVert=method-wrapper(...), anchorHoriz='center', anchorVert='center', antialias=True, autoDraw=False, autoLog=True, bold=False, color=array([1., 1., 1.]), colorSpace='rgb', contrast=1.0, depth=-2.0, draggable=False, flipHoriz=False, flipVert=False, font='Arial', fontFiles=[], height=24.0, italic=False, languageStyle='LTR', name='fixationHint', opacity=1.0, ori=0.0, pos=array([0., 0.]), rgb=UNKNOWN, text=str(...), units='pix', win=Window(...), wrapWidth=500)
49.5950 	EXP 	window1: mouseVisible = True
49.5950 	EXP 	window1: mouseVisible = True
49.6021 	EXP 	Created fixationPoint_2 = ImageStim(__class__=<class 'psychopy.visual.image.ImageStim'>, anchor=('center', 'center'), autoLog=True, color=array([1., 1., 1.]), colorSpace='rgb', contrast=1.0, depth=-1.0, draggable=False, flipHoriz=False, flipVert=False, image='greenfixation.png', interpolate=False, mask=None, maskParams=None, name='fixationPoint_2', opacity=1.0, ori=0.0, pos=array([0., 0.]), size=array([1., 1.]), texRes=128.0, units='pix', win=Window(...))
49.6022 	EXP 	window1: mouseVisible = True
49.6031 	EXP 	Created background = Rect(__class__=<class 'psychopy.visual.rect.Rect'>, anchor=('center', 'center'), autoDraw=False, autoLog=True, closeShape=True, color=method-wrapper(...), colorSpace='rgb', contrast=None, depth=-1.0, draggable=False, fillColor=array([0.00392157, 0.00392157, 0.00392157]), fillColorSpace='rgb', fillRGB=array([0.00392157, 0.00392157, 0.00392157]), interpolate=True, lineColor=array([1., 1., 1.]), lineColorSpace='rgb', lineRGB=array([1, 1, 1]), lineWidth=1.0, name='background', opacity=1.0, ori=0.0, pos=array([0., 0.]), size=array([1., 1.]), units='pix', vertices=ndarray(...), win=Window(...))
49.6032 	EXP 	window1: mouseVisible = True
49.6071 	EXP 	Created imageT = ImageStim(__class__=<class 'psychopy.visual.image.ImageStim'>, anchor=('center', 'center'), autoLog=True, color=array([1., 1., 1.]), colorSpace='rgb', contrast=1.0, depth=-2.0, draggable=False, flipHoriz=False, flipVert=False, image='T.png', interpolate=False, mask=None, maskParams=None, name='imageT', opacity=1.0, ori=1.0, pos=array([0., 0.]), size=array([1., 1.]), texRes=128, units='pix', win=Window(...))
49.6071 	EXP 	window1: mouseVisible = True
49.6111 	EXP 	Created imageL1 = ImageStim(__class__=<class 'psychopy.visual.image.ImageStim'>, anchor=('center', 'center'), autoLog=True, color=array([1., 1., 1.]), colorSpace='rgb', contrast=1.0, depth=-3.0, draggable=False, flipHoriz=False, flipVert=False, image='L.png', interpolate=False, mask=None, maskParams=None, name='imageL1', opacity=1.0, ori=1.0, pos=array([0., 0.]), size=array([1., 1.]), texRes=128, units='pix', win=Window(...))
49.6112 	EXP 	window1: mouseVisible = True
49.6150 	EXP 	Created imageL2 = ImageStim(__class__=<class 'psychopy.visual.image.ImageStim'>, anchor=('center', 'center'), autoLog=True, color=array([1., 1., 1.]), colorSpace='rgb', contrast=1.0, depth=-4.0, draggable=False, flipHoriz=False, flipVert=False, image='L.png', interpolate=False, mask=None, maskParams=None, name='imageL2', opacity=1.0, ori=1.0, pos=array([0., 0.]), size=array([1., 1.]), texRes=128, units='pix', win=Window(...))
49.6150 	EXP 	window1: mouseVisible = True
49.6189 	EXP 	Created imageL3 = ImageStim(__class__=<class 'psychopy.visual.image.ImageStim'>, anchor=('center', 'center'), autoLog=True, color=array([1., 1., 1.]), colorSpace='rgb', contrast=1.0, depth=-5.0, draggable=False, flipHoriz=False, flipVert=False, image='L.png', interpolate=False, mask=None, maskParams=None, name='imageL3', opacity=1.0, ori=1.0, pos=array([0., 0.]), size=array([1., 1.]), texRes=128, units='pix', win=Window(...))
49.6189 	EXP 	window1: mouseVisible = True
49.6227 	EXP 	Created imageL4 = ImageStim(__class__=<class 'psychopy.visual.image.ImageStim'>, anchor=('center', 'center'), autoLog=True, color=array([1., 1., 1.]), colorSpace='rgb', contrast=1.0, depth=-6.0, draggable=False, flipHoriz=False, flipVert=False, image='L.png', interpolate=False, mask=None, maskParams=None, name='imageL4', opacity=1.0, ori=1.0, pos=array([0., 0.]), size=array([1., 1.]), texRes=128, units='pix', win=Window(...))
49.6228 	EXP 	window1: mouseVisible = True
49.6266 	EXP 	Created imageL5 = ImageStim(__class__=<class 'psychopy.visual.image.ImageStim'>, anchor=('center', 'center'), autoLog=True, color=array([1., 1., 1.]), colorSpace='rgb', contrast=1.0, depth=-7.0, draggable=False, flipHoriz=False, flipVert=False, image='L.png', interpolate=False, mask=None, maskParams=None, name='imageL5', opacity=1.0, ori=1.0, pos=array([0., 0.]), size=array([1., 1.]), texRes=128, units='pix', win=Window(...))
49.6266 	EXP 	window1: mouseVisible = True
49.6304 	EXP 	Created imageL6 = ImageStim(__class__=<class 'psychopy.visual.image.ImageStim'>, anchor=('center', 'center'), autoLog=True, color=array([1., 1., 1.]), colorSpace='rgb', contrast=1.0, depth=-8.0, draggable=False, flipHoriz=False, flipVert=False, image='L.png', interpolate=False, mask=None, maskParams=None, name='imageL6', opacity=1.0, ori=1.0, pos=array([0., 0.]), size=array([1., 1.]), texRes=128, units='pix', win=Window(...))
49.6305 	EXP 	window1: mouseVisible = True
49.6343 	EXP 	Created imageL7 = ImageStim(__class__=<class 'psychopy.visual.image.ImageStim'>, anchor=('center', 'center'), autoLog=True, color=array([1., 1., 1.]), colorSpace='rgb', contrast=1.0, depth=-9.0, draggable=False, flipHoriz=False, flipVert=False, image='L.png', interpolate=False, mask=None, maskParams=None, name='imageL7', opacity=1.0, ori=1.0, pos=array([0., 0.]), size=array([1., 1.]), texRes=128, units='pix', win=Window(...))
49.6344 	EXP 	window1: mouseVisible = True
49.6381 	EXP 	Created imageL8 = ImageStim(__class__=<class 'psychopy.visual.image.ImageStim'>, anchor=('center', 'center'), autoLog=True, color=array([1., 1., 1.]), colorSpace='rgb', contrast=1.0, depth=-10.0, draggable=False, flipHoriz=False, flipVert=False, image='L.png', interpolate=False, mask=None, maskParams=None, name='imageL8', opacity=1.0, ori=1.0, pos=array([0., 0.]), size=array([1., 1.]), texRes=128, units='pix', win=Window(...))
49.6382 	EXP 	window1: mouseVisible = True
49.6421 	EXP 	Created imageL9 = ImageStim(__class__=<class 'psychopy.visual.image.ImageStim'>, anchor=('center', 'center'), autoLog=True, color=array([1., 1., 1.]), colorSpace='rgb', contrast=1.0, depth=-11.0, draggable=False, flipHoriz=False, flipVert=False, image='L.png', interpolate=False, mask=None, maskParams=None, name='imageL9', opacity=1.0, ori=1.0, pos=array([0., 0.]), size=array([1., 1.]), texRes=128, units='pix', win=Window(...))
49.6421 	EXP 	window1: mouseVisible = True
49.6459 	EXP 	Created imageL10 = ImageStim(__class__=<class 'psychopy.visual.image.ImageStim'>, anchor=('center', 'center'), autoLog=True, color=array([1., 1., 1.]), colorSpace='rgb', contrast=1.0, depth=-12.0, draggable=False, flipHoriz=False, flipVert=False, image='L.png', interpolate=False, mask=None, maskParams=None, name='imageL10', opacity=1.0, ori=1.0, pos=array([0., 0.]), size=array([1., 1.]), texRes=128, units='pix', win=Window(...))
49.6460 	EXP 	window1: mouseVisible = True
49.6497 	EXP 	Created imageL11 = ImageStim(__class__=<class 'psychopy.visual.image.ImageStim'>, anchor=('center', 'center'), autoLog=True, color=array([1., 1., 1.]), colorSpace='rgb', contrast=1.0, depth=-13.0, draggable=False, flipHoriz=False, flipVert=False, image='L.png', interpolate=False, mask=None, maskParams=None, name='imageL11', opacity=1.0, ori=1.0, pos=array([0., 0.]), size=array([1., 1.]), texRes=128, units='pix', win=Window(...))
49.6498 	EXP 	window1: mouseVisible = True
59.4981 	EXP 	Created imageAperture = ImageStim(__class__=<class 'psychopy.visual.image.ImageStim'>, anchor=('center', 'center'), autoLog=True, color=array([1., 1., 1.]), colorSpace='rgb', contrast=1.0, depth=-14.0, draggable=False, flipHoriz=False, flipVert=False, image='plainBackground.png', interpolate=True, mask='circleMask.png', maskParams=None, name='imageAperture', opacity=1.0, ori=0.0, pos=array([0., 0.]), size=array([1., 1.]), texRes=512, units='pix', win=Window(...))
59.4982 	EXP 	window1: mouseVisible = True
69.1947 	EXP 	Created CenterAperture = ImageStim(__class__=<class 'psychopy.visual.image.ImageStim'>, anchor=('center', 'center'), autoLog=True, color=array([1., 1., 1.]), colorSpace='rgb', contrast=1.0, depth=-15.0, draggable=False, flipHoriz=False, flipVert=False, image='plainBackground.png', interpolate=True, mask='circleMask.png', maskParams=None, name='CenterAperture', opacity=1.0, ori=0.0, pos=array([0., 0.]), size=array([1., 1.]), texRes=512, units='pix', win=Window(...))
69.1949 	EXP 	window1: mouseVisible = True
69.1955 	EXP 	Created searchHint = TextStim(__class__=<class 'psychopy.visual.text.TextStim'>, alignHoriz=method-wrapper(...), alignText='center', alignVert=method-wrapper(...), anchorHoriz='center', anchorVert='center', antialias=True, autoDraw=False, autoLog=True, bold=False, color=array([1., 1., 1.]), colorSpace='rgb', contrast=1.0, depth=-16.0, draggable=False, flipHoriz=False, flipVert=False, font='Arial', fontFiles=[], height=24.0, italic=False, languageStyle='LTR', name='searchHint', opacity=1.0, ori=0.0, pos=array([0., 0.]), rgb=UNKNOWN, text='', units='pix', win=Window(...), wrapWidth=500)
69.1956 	EXP 	window1: mouseVisible = True
69.1956 	INFO 	keyboard.Keyboard is using iohub backend.
69.1957 	EXP 	window1: mouseVisible = True
69.1963 	EXP 	Created textFeedback = TextStim(__class__=<class 'psychopy.visual.text.TextStim'>, alignHoriz=method-wrapper(...), alignText='center', alignVert=method-wrapper(...), anchorHoriz='center', anchorVert='center', antialias=True, autoDraw=False, autoLog=True, bold=False, color=array([1., 1., 1.]), colorSpace='rgb', contrast=1.0, depth=0.0, draggable=False, flipHoriz=False, flipVert=False, font='Arial', fontFiles=[], height=32, italic=False, languageStyle='LTR', name='textFeedback', opacity=1.0, ori=0, pos=array([0., 0.]), rgb=UNKNOWN, text='', units='pix', win=Window(...), wrapWidth=500)
69.1964 	EXP 	window1: mouseVisible = True
69.1970 	EXP 	Created acctext = TextStim(__class__=<class 'psychopy.visual.text.TextStim'>, alignHoriz=method-wrapper(...), alignText='center', alignVert=method-wrapper(...), anchorHoriz='center', anchorVert='center', antialias=True, autoDraw=False, autoLog=True, bold=False, color=array([1., 1., 1.]), colorSpace='rgb', contrast=1.0, depth=-1.0, draggable=False, flipHoriz=False, flipVert=False, font='Arial', fontFiles=[], height=24.0, italic=False, languageStyle='LTR', name='acctext', opacity=1.0, ori=0.0, pos=array([  0., 120.]), rgb=UNKNOWN, text='', units='pix', win=Window(...), wrapWidth=500)
69.1970 	EXP 	window1: mouseVisible = True
69.1976 	EXP 	Created rttext = TextStim(__class__=<class 'psychopy.visual.text.TextStim'>, alignHoriz=method-wrapper(...), alignText='center', alignVert=method-wrapper(...), anchorHoriz='center', anchorVert='center', antialias=True, autoDraw=False, autoLog=True, bold=False, color=array([1., 1., 1.]), colorSpace='rgb', contrast=1.0, depth=-2.0, draggable=False, flipHoriz=False, flipVert=False, font='Arial', fontFiles=[], height=24.0, italic=False, languageStyle='LTR', name='rttext', opacity=1.0, ori=0.0, pos=array([ 0., 60.]), rgb=UNKNOWN, text='', units='pix', win=Window(...), wrapWidth=500)
69.1977 	EXP 	window1: mouseVisible = True
69.2038 	EXP 	Created textBreak = TextStim(__class__=<class 'psychopy.visual.text.TextStim'>, alignHoriz=method-wrapper(...), alignText='center', alignVert=method-wrapper(...), anchorHoriz='center', anchorVert='center', antialias=True, autoDraw=False, autoLog=True, bold=False, color=array([1., 1., 1.]), colorSpace='rgb', contrast=1.0, depth=-3.0, draggable=False, flipHoriz=False, flipVert=False, font='Arial', fontFiles=[], height=24.0, italic=False, languageStyle='LTR', name='textBreak', opacity=1.0, ori=0, pos=array([  0., -50.]), rgb=UNKNOWN, text=str(...), units='pix', win=Window(...), wrapWidth=500)
69.2039 	EXP 	window1: mouseVisible = True
69.2045 	EXP 	Created textBlockRemaining = TextStim(__class__=<class 'psychopy.visual.text.TextStim'>, alignHoriz=method-wrapper(...), alignText='center', alignVert=method-wrapper(...), anchorHoriz='center', anchorVert='center', antialias=True, autoDraw=False, autoLog=True, bold=False, color=array([1., 1., 1.]), colorSpace='rgb', contrast=1.0, depth=-4.0, draggable=False, flipHoriz=False, flipVert=False, font='Arial', fontFiles=[], height=24, italic=False, languageStyle='LTR', name='textBlockRemaining', opacity=1.0, ori=0, pos=array([0., 0.]), rgb=UNKNOWN, text='', units='pix', win=Window(...), wrapWidth=500)
69.2045 	INFO 	keyboard.Keyboard is using iohub backend.
69.2046 	EXP 	window1: mouseVisible = True
69.2131 	EXP 	Created InstrTestingPhase = TextStim(__class__=<class 'psychopy.visual.text.TextStim'>, alignHoriz=method-wrapper(...), alignText='center', alignVert=method-wrapper(...), anchorHoriz='center', anchorVert='center', antialias=True, autoDraw=False, autoLog=True, bold=False, color=array([1., 1., 1.]), colorSpace='rgb', contrast=1.0, depth=0.0, draggable=False, flipHoriz=False, flipVert=False, font='Arial', fontFiles=[], height=24.0, italic=False, languageStyle='LTR', name='InstrTestingPhase', opacity=1.0, ori=0.0, pos=array([0., 0.]), rgb=UNKNOWN, text=str(...), units='pix', win=Window(...), wrapWidth=500)
69.2131 	INFO 	keyboard.Keyboard is using iohub backend.
69.2132 	EXP 	window1: mouseVisible = True
69.2213 	EXP 	Created fixPointRT_2 = ImageStim(__class__=<class 'psychopy.visual.image.ImageStim'>, anchor=('center', 'center'), autoLog=True, color=array([1., 1., 1.]), colorSpace='rgb', contrast=1.0, depth=-1.0, draggable=False, flipHoriz=False, flipVert=False, image='fixation.png', interpolate=False, mask=None, maskParams=None, name='fixPointRT_2', opacity=1.0, ori=0.0, pos=array([0., 0.]), size=array([1., 1.]), texRes=128.0, units='pix', win=Window(...))
69.2213 	INFO 	keyboard.Keyboard is using iohub backend.
69.2214 	EXP 	window1: mouseVisible = True
69.2223 	EXP 	Created background_3 = Rect(__class__=<class 'psychopy.visual.rect.Rect'>, anchor=('center', 'center'), autoDraw=False, autoLog=True, closeShape=True, color=method-wrapper(...), colorSpace='rgb', contrast=None, depth=-1.0, draggable=False, fillColor=array([0.00392157, 0.00392157, 0.00392157]), fillColorSpace='rgb', fillRGB=array([0.00392157, 0.00392157, 0.00392157]), interpolate=True, lineColor=array([1., 1., 1.]), lineColorSpace='rgb', lineRGB=array([1, 1, 1]), lineWidth=1.0, name='background_3', opacity=1.0, ori=0.0, pos=array([0., 0.]), size=array([1., 1.]), units='pix', vertices=ndarray(...), win=Window(...))
69.2224 	EXP 	window1: mouseVisible = True
69.2265 	EXP 	Created imageT_3 = ImageStim(__class__=<class 'psychopy.visual.image.ImageStim'>, anchor=('center', 'center'), autoLog=True, color=array([1., 1., 1.]), colorSpace='rgb', contrast=1.0, depth=-2.0, draggable=False, flipHoriz=False, flipVert=False, image='T.png', interpolate=False, mask=None, maskParams=None, name='imageT_3', opacity=1.0, ori=1.0, pos=array([0., 0.]), size=array([1., 1.]), texRes=128, units='pix', win=Window(...))
69.2265 	EXP 	window1: mouseVisible = True
69.2305 	EXP 	Created imageL1_3 = ImageStim(__class__=<class 'psychopy.visual.image.ImageStim'>, anchor=('center', 'center'), autoLog=True, color=array([1., 1., 1.]), colorSpace='rgb', contrast=1.0, depth=-3.0, draggable=False, flipHoriz=False, flipVert=False, image='L.png', interpolate=False, mask=None, maskParams=None, name='imageL1_3', opacity=1.0, ori=1.0, pos=array([0., 0.]), size=array([1., 1.]), texRes=128, units='pix', win=Window(...))
69.2306 	EXP 	window1: mouseVisible = True
69.2344 	EXP 	Created imageL2_3 = ImageStim(__class__=<class 'psychopy.visual.image.ImageStim'>, anchor=('center', 'center'), autoLog=True, color=array([1., 1., 1.]), colorSpace='rgb', contrast=1.0, depth=-4.0, draggable=False, flipHoriz=False, flipVert=False, image='L.png', interpolate=False, mask=None, maskParams=None, name='imageL2_3', opacity=1.0, ori=1.0, pos=array([0., 0.]), size=array([1., 1.]), texRes=128, units='pix', win=Window(...))
69.2345 	EXP 	window1: mouseVisible = True
69.2383 	EXP 	Created imageL3_3 = ImageStim(__class__=<class 'psychopy.visual.image.ImageStim'>, anchor=('center', 'center'), autoLog=True, color=array([1., 1., 1.]), colorSpace='rgb', contrast=1.0, depth=-5.0, draggable=False, flipHoriz=False, flipVert=False, image='L.png', interpolate=False, mask=None, maskParams=None, name='imageL3_3', opacity=1.0, ori=1.0, pos=array([0., 0.]), size=array([1., 1.]), texRes=128, units='pix', win=Window(...))
69.2384 	EXP 	window1: mouseVisible = True
69.2422 	EXP 	Created imageL4_3 = ImageStim(__class__=<class 'psychopy.visual.image.ImageStim'>, anchor=('center', 'center'), autoLog=True, color=array([1., 1., 1.]), colorSpace='rgb', contrast=1.0, depth=-6.0, draggable=False, flipHoriz=False, flipVert=False, image='L.png', interpolate=False, mask=None, maskParams=None, name='imageL4_3', opacity=1.0, ori=1.0, pos=array([0., 0.]), size=array([1., 1.]), texRes=128, units='pix', win=Window(...))
69.2423 	EXP 	window1: mouseVisible = True
69.2461 	EXP 	Created imageL5_3 = ImageStim(__class__=<class 'psychopy.visual.image.ImageStim'>, anchor=('center', 'center'), autoLog=True, color=array([1., 1., 1.]), colorSpace='rgb', contrast=1.0, depth=-7.0, draggable=False, flipHoriz=False, flipVert=False, image='L.png', interpolate=False, mask=None, maskParams=None, name='imageL5_3', opacity=1.0, ori=1.0, pos=array([0., 0.]), size=array([1., 1.]), texRes=128, units='pix', win=Window(...))
69.2462 	EXP 	window1: mouseVisible = True
69.2500 	EXP 	Created imageL6_3 = ImageStim(__class__=<class 'psychopy.visual.image.ImageStim'>, anchor=('center', 'center'), autoLog=True, color=array([1., 1., 1.]), colorSpace='rgb', contrast=1.0, depth=-8.0, draggable=False, flipHoriz=False, flipVert=False, image='L.png', interpolate=False, mask=None, maskParams=None, name='imageL6_3', opacity=1.0, ori=1.0, pos=array([0., 0.]), size=array([1., 1.]), texRes=128, units='pix', win=Window(...))
69.2500 	EXP 	window1: mouseVisible = True
69.2538 	EXP 	Created imageL7_3 = ImageStim(__class__=<class 'psychopy.visual.image.ImageStim'>, anchor=('center', 'center'), autoLog=True, color=array([1., 1., 1.]), colorSpace='rgb', contrast=1.0, depth=-9.0, draggable=False, flipHoriz=False, flipVert=False, image='L.png', interpolate=False, mask=None, maskParams=None, name='imageL7_3', opacity=1.0, ori=1.0, pos=array([0., 0.]), size=array([1., 1.]), texRes=128, units='pix', win=Window(...))
69.2539 	EXP 	window1: mouseVisible = True
69.2576 	EXP 	Created imageL8_3 = ImageStim(__class__=<class 'psychopy.visual.image.ImageStim'>, anchor=('center', 'center'), autoLog=True, color=array([1., 1., 1.]), colorSpace='rgb', contrast=1.0, depth=-10.0, draggable=False, flipHoriz=False, flipVert=False, image='L.png', interpolate=False, mask=None, maskParams=None, name='imageL8_3', opacity=1.0, ori=1.0, pos=array([0., 0.]), size=array([1., 1.]), texRes=128, units='pix', win=Window(...))
69.2577 	EXP 	window1: mouseVisible = True
69.2615 	EXP 	Created imageL9_3 = ImageStim(__class__=<class 'psychopy.visual.image.ImageStim'>, anchor=('center', 'center'), autoLog=True, color=array([1., 1., 1.]), colorSpace='rgb', contrast=1.0, depth=-11.0, draggable=False, flipHoriz=False, flipVert=False, image='L.png', interpolate=False, mask=None, maskParams=None, name='imageL9_3', opacity=1.0, ori=1.0, pos=array([0., 0.]), size=array([1., 1.]), texRes=128, units='pix', win=Window(...))
69.2615 	EXP 	window1: mouseVisible = True
69.2653 	EXP 	Created imageL10_3 = ImageStim(__class__=<class 'psychopy.visual.image.ImageStim'>, anchor=('center', 'center'), autoLog=True, color=array([1., 1., 1.]), colorSpace='rgb', contrast=1.0, depth=-12.0, draggable=False, flipHoriz=False, flipVert=False, image='L.png', interpolate=False, mask=None, maskParams=None, name='imageL10_3', opacity=1.0, ori=1.0, pos=array([0., 0.]), size=array([1., 1.]), texRes=128, units='pix', win=Window(...))
69.2654 	EXP 	window1: mouseVisible = True
69.2692 	EXP 	Created imageL11_3 = ImageStim(__class__=<class 'psychopy.visual.image.ImageStim'>, anchor=('center', 'center'), autoLog=True, color=array([1., 1., 1.]), colorSpace='rgb', contrast=1.0, depth=-13.0, draggable=False, flipHoriz=False, flipVert=False, image='L.png', interpolate=False, mask=None, maskParams=None, name='imageL11_3', opacity=1.0, ori=1.0, pos=array([0., 0.]), size=array([1., 1.]), texRes=128, units='pix', win=Window(...))
69.2692 	EXP 	window1: mouseVisible = True
78.9858 	EXP 	Created imageAperture_3 = ImageStim(__class__=<class 'psychopy.visual.image.ImageStim'>, anchor=('center', 'center'), autoLog=True, color=array([1., 1., 1.]), colorSpace='rgb', contrast=1.0, depth=-14.0, draggable=False, flipHoriz=False, flipVert=False, image='plainBackground.png', interpolate=True, mask='circleMask.png', maskParams=None, name='imageAperture_3', opacity=1.0, ori=0.0, pos=array([0., 0.]), size=array([1., 1.]), texRes=512, units='pix', win=Window(...))
78.9860 	EXP 	window1: mouseVisible = True
88.7804 	EXP 	Created CenterAperture_3 = ImageStim(__class__=<class 'psychopy.visual.image.ImageStim'>, anchor=('center', 'center'), autoLog=True, color=array([1., 1., 1.]), colorSpace='rgb', contrast=1.0, depth=-15.0, draggable=False, flipHoriz=False, flipVert=False, image='plainBackground.png', interpolate=True, mask='circleMask.png', maskParams=None, name='CenterAperture_3', opacity=1.0, ori=0.0, pos=array([0., 0.]), size=array([1., 1.]), texRes=512, units='pix', win=Window(...))
88.7805 	INFO 	keyboard.Keyboard is using iohub backend.
88.7806 	EXP 	window1: mouseVisible = True
88.7908 	EXP 	Created InstrRecognitionTest = TextStim(__class__=<class 'psychopy.visual.text.TextStim'>, alignHoriz=method-wrapper(...), alignText='center', alignVert=method-wrapper(...), anchorHoriz='center', anchorVert='center', antialias=True, autoDraw=False, autoLog=True, bold=False, color=array([1., 1., 1.]), colorSpace='rgb', contrast=1.0, depth=0.0, draggable=False, flipHoriz=False, flipVert=False, font='Arial', fontFiles=[], height=24.0, italic=False, languageStyle='LTR', name='InstrRecognitionTest', opacity=1.0, ori=0.0, pos=array([0., 0.]), rgb=UNKNOWN, text=str(...), units='pix', win=Window(...), wrapWidth=500)
88.7909 	INFO 	keyboard.Keyboard is using iohub backend.
88.7909 	EXP 	window1: mouseVisible = True
88.7991 	EXP 	Created fixPointRT = ImageStim(__class__=<class 'psychopy.visual.image.ImageStim'>, anchor=('center', 'center'), autoLog=True, color=array([1., 1., 1.]), colorSpace='rgb', contrast=1.0, depth=-1.0, draggable=False, flipHoriz=False, flipVert=False, image='fixation.png', interpolate=False, mask=None, maskParams=None, name='fixPointRT', opacity=1.0, ori=0.0, pos=array([0., 0.]), size=array([1., 1.]), texRes=128.0, units='pix', win=Window(...))
88.7991 	INFO 	keyboard.Keyboard is using iohub backend.
88.7991 	EXP 	window1: mouseVisible = True
88.8001 	EXP 	Created background_2 = Rect(__class__=<class 'psychopy.visual.rect.Rect'>, anchor=('center', 'center'), autoDraw=False, autoLog=True, closeShape=True, color=method-wrapper(...), colorSpace='rgb', contrast=None, depth=-1.0, draggable=False, fillColor=array([0.00392157, 0.00392157, 0.00392157]), fillColorSpace='rgb', fillRGB=array([0.00392157, 0.00392157, 0.00392157]), interpolate=True, lineColor=array([1., 1., 1.]), lineColorSpace='rgb', lineRGB=array([1, 1, 1]), lineWidth=1.0, name='background_2', opacity=1.0, ori=0.0, pos=array([0., 0.]), size=array([1., 1.]), units='pix', vertices=ndarray(...), win=Window(...))
88.8002 	EXP 	window1: mouseVisible = True
88.8044 	EXP 	Created imageT_2 = ImageStim(__class__=<class 'psychopy.visual.image.ImageStim'>, anchor=('center', 'center'), autoLog=True, color=array([1., 1., 1.]), colorSpace='rgb', contrast=1.0, depth=-2.0, draggable=False, flipHoriz=False, flipVert=False, image='T.png', interpolate=False, mask=None, maskParams=None, name='imageT_2', opacity=1.0, ori=1.0, pos=array([0., 0.]), size=array([1., 1.]), texRes=128, units='pix', win=Window(...))
88.8044 	EXP 	window1: mouseVisible = True
88.8085 	EXP 	Created imageL1_2 = ImageStim(__class__=<class 'psychopy.visual.image.ImageStim'>, anchor=('center', 'center'), autoLog=True, color=array([1., 1., 1.]), colorSpace='rgb', contrast=1.0, depth=-3.0, draggable=False, flipHoriz=False, flipVert=False, image='L.png', interpolate=False, mask=None, maskParams=None, name='imageL1_2', opacity=1.0, ori=1.0, pos=array([0., 0.]), size=array([1., 1.]), texRes=128, units='pix', win=Window(...))
88.8086 	EXP 	window1: mouseVisible = True
88.8125 	EXP 	Created imageL2_2 = ImageStim(__class__=<class 'psychopy.visual.image.ImageStim'>, anchor=('center', 'center'), autoLog=True, color=array([1., 1., 1.]), colorSpace='rgb', contrast=1.0, depth=-4.0, draggable=False, flipHoriz=False, flipVert=False, image='L.png', interpolate=False, mask=None, maskParams=None, name='imageL2_2', opacity=1.0, ori=1.0, pos=array([0., 0.]), size=array([1., 1.]), texRes=128, units='pix', win=Window(...))
88.8126 	EXP 	window1: mouseVisible = True
88.8164 	EXP 	Created imageL3_2 = ImageStim(__class__=<class 'psychopy.visual.image.ImageStim'>, anchor=('center', 'center'), autoLog=True, color=array([1., 1., 1.]), colorSpace='rgb', contrast=1.0, depth=-5.0, draggable=False, flipHoriz=False, flipVert=False, image='L.png', interpolate=False, mask=None, maskParams=None, name='imageL3_2', opacity=1.0, ori=1.0, pos=array([0., 0.]), size=array([1., 1.]), texRes=128, units='pix', win=Window(...))
88.8165 	EXP 	window1: mouseVisible = True
88.8203 	EXP 	Created imageL4_2 = ImageStim(__class__=<class 'psychopy.visual.image.ImageStim'>, anchor=('center', 'center'), autoLog=True, color=array([1., 1., 1.]), colorSpace='rgb', contrast=1.0, depth=-6.0, draggable=False, flipHoriz=False, flipVert=False, image='L.png', interpolate=False, mask=None, maskParams=None, name='imageL4_2', opacity=1.0, ori=1.0, pos=array([0., 0.]), size=array([1., 1.]), texRes=128, units='pix', win=Window(...))
88.8203 	EXP 	window1: mouseVisible = True
88.8242 	EXP 	Created imageL5_2 = ImageStim(__class__=<class 'psychopy.visual.image.ImageStim'>, anchor=('center', 'center'), autoLog=True, color=array([1., 1., 1.]), colorSpace='rgb', contrast=1.0, depth=-7.0, draggable=False, flipHoriz=False, flipVert=False, image='L.png', interpolate=False, mask=None, maskParams=None, name='imageL5_2', opacity=1.0, ori=1.0, pos=array([0., 0.]), size=array([1., 1.]), texRes=128, units='pix', win=Window(...))
88.8242 	EXP 	window1: mouseVisible = True
88.8280 	EXP 	Created imageL6_2 = ImageStim(__class__=<class 'psychopy.visual.image.ImageStim'>, anchor=('center', 'center'), autoLog=True, color=array([1., 1., 1.]), colorSpace='rgb', contrast=1.0, depth=-8.0, draggable=False, flipHoriz=False, flipVert=False, image='L.png', interpolate=False, mask=None, maskParams=None, name='imageL6_2', opacity=1.0, ori=1.0, pos=array([0., 0.]), size=array([1., 1.]), texRes=128, units='pix', win=Window(...))
88.8281 	EXP 	window1: mouseVisible = True
88.8320 	EXP 	Created imageL7_2 = ImageStim(__class__=<class 'psychopy.visual.image.ImageStim'>, anchor=('center', 'center'), autoLog=True, color=array([1., 1., 1.]), colorSpace='rgb', contrast=1.0, depth=-9.0, draggable=False, flipHoriz=False, flipVert=False, image='L.png', interpolate=False, mask=None, maskParams=None, name='imageL7_2', opacity=1.0, ori=1.0, pos=array([0., 0.]), size=array([1., 1.]), texRes=128, units='pix', win=Window(...))
88.8320 	EXP 	window1: mouseVisible = True
88.8359 	EXP 	Created imageL8_2 = ImageStim(__class__=<class 'psychopy.visual.image.ImageStim'>, anchor=('center', 'center'), autoLog=True, color=array([1., 1., 1.]), colorSpace='rgb', contrast=1.0, depth=-10.0, draggable=False, flipHoriz=False, flipVert=False, image='L.png', interpolate=False, mask=None, maskParams=None, name='imageL8_2', opacity=1.0, ori=1.0, pos=array([0., 0.]), size=array([1., 1.]), texRes=128, units='pix', win=Window(...))
88.8359 	EXP 	window1: mouseVisible = True
88.8397 	EXP 	Created imageL9_2 = ImageStim(__class__=<class 'psychopy.visual.image.ImageStim'>, anchor=('center', 'center'), autoLog=True, color=array([1., 1., 1.]), colorSpace='rgb', contrast=1.0, depth=-11.0, draggable=False, flipHoriz=False, flipVert=False, image='L.png', interpolate=False, mask=None, maskParams=None, name='imageL9_2', opacity=1.0, ori=1.0, pos=array([0., 0.]), size=array([1., 1.]), texRes=128, units='pix', win=Window(...))
88.8398 	EXP 	window1: mouseVisible = True
88.8436 	EXP 	Created imageL10_2 = ImageStim(__class__=<class 'psychopy.visual.image.ImageStim'>, anchor=('center', 'center'), autoLog=True, color=array([1., 1., 1.]), colorSpace='rgb', contrast=1.0, depth=-12.0, draggable=False, flipHoriz=False, flipVert=False, image='L.png', interpolate=False, mask=None, maskParams=None, name='imageL10_2', opacity=1.0, ori=1.0, pos=array([0., 0.]), size=array([1., 1.]), texRes=128, units='pix', win=Window(...))
88.8437 	EXP 	window1: mouseVisible = True
88.8475 	EXP 	Created imageL11_2 = ImageStim(__class__=<class 'psychopy.visual.image.ImageStim'>, anchor=('center', 'center'), autoLog=True, color=array([1., 1., 1.]), colorSpace='rgb', contrast=1.0, depth=-13.0, draggable=False, flipHoriz=False, flipVert=False, image='L.png', interpolate=False, mask=None, maskParams=None, name='imageL11_2', opacity=1.0, ori=1.0, pos=array([0., 0.]), size=array([1., 1.]), texRes=128, units='pix', win=Window(...))
88.8475 	EXP 	window1: mouseVisible = True
98.4906 	EXP 	Created imageAperture_2 = ImageStim(__class__=<class 'psychopy.visual.image.ImageStim'>, anchor=('center', 'center'), autoLog=True, color=array([1., 1., 1.]), colorSpace='rgb', contrast=1.0, depth=-14.0, draggable=False, flipHoriz=False, flipVert=False, image='plainBackground.png', interpolate=True, mask='circleMask.png', maskParams=None, name='imageAperture_2', opacity=1.0, ori=0.0, pos=array([0., 0.]), size=array([1., 1.]), texRes=512, units='pix', win=Window(...))
98.4908 	EXP 	window1: mouseVisible = True
108.2364 	EXP 	Created CenterAperture_2 = ImageStim(__class__=<class 'psychopy.visual.image.ImageStim'>, anchor=('center', 'center'), autoLog=True, color=array([1., 1., 1.]), colorSpace='rgb', contrast=1.0, depth=-15.0, draggable=False, flipHoriz=False, flipVert=False, image='plainBackground.png', interpolate=True, mask='circleMask.png', maskParams=None, name='CenterAperture_2', opacity=1.0, ori=0.0, pos=array([0., 0.]), size=array([1., 1.]), texRes=512, units='pix', win=Window(...))
108.2364 	INFO 	keyboard.Keyboard is using iohub backend.
108.2366 	EXP 	window1: mouseVisible = True
108.2454 	EXP 	Created textEnd = TextStim(__class__=<class 'psychopy.visual.text.TextStim'>, alignHoriz=method-wrapper(...), alignText='center', alignVert=method-wrapper(...), anchorHoriz='center', anchorVert='center', antialias=True, autoDraw=False, autoLog=True, bold=False, color=array([1., 1., 1.]), colorSpace='rgb', contrast=1.0, depth=0.0, draggable=False, flipHoriz=False, flipVert=False, font='Arial', fontFiles=[], height=24.0, italic=False, languageStyle='LTR', name='textEnd', opacity=1.0, ori=0, pos=array([0., 0.]), rgb=UNKNOWN, text=str(...), units='pix', win=Window(...), wrapWidth=500)
0.0564 	INFO 	Keyboard events cleared
0.0560 	EXP 	InstrStartPage_text: autoDraw = True
3.6524 	WARNING 	t of last frame was 40.78ms (=1/24)
3.6524 	EXP 	InstrStartPage_text: autoDraw = False
3.6524 	EXP 	loading: autoDraw = True
3.6566 	DATA 	Keypress: space
5.2971 	DATA 	Mouse: wheel shift=(0,0), pos=(259,477)
5.2974 	DATA 	Mouse: wheel shift=(0,0), pos=(259,477)
5.3130 	DATA 	Mouse: wheel shift=(0,1), pos=(259,477)
5.3296 	DATA 	Mouse: wheel shift=(0,1), pos=(259,477)
5.3458 	DATA 	Mouse: wheel shift=(0,2), pos=(259,477)
5.3628 	DATA 	Mouse: wheel shift=(0,2), pos=(259,477)
5.3797 	DATA 	Mouse: wheel shift=(0,2), pos=(259,477)
5.3962 	DATA 	Mouse: wheel shift=(0,1), pos=(259,477)
5.4123 	DATA 	Mouse: wheel shift=(0,1), pos=(259,477)
5.4295 	DATA 	Mouse: wheel shift=(0,0), pos=(259,477)
5.4465 	DATA 	Mouse: wheel shift=(0,0), pos=(259,477)
5.4468 	DATA 	Mouse: wheel shift=(0,0), pos=(259,477)
5.4472 	DATA 	Mouse: wheel shift=(0,1), pos=(259,477)
5.4755 	DATA 	Mouse: wheel shift=(0,2), pos=(259,477)
5.4924 	DATA 	Mouse: wheel shift=(0,2), pos=(259,477)
5.4965 	DATA 	Mouse: wheel shift=(0,2), pos=(259,477)
5.5258 	DATA 	Mouse: wheel shift=(0,2), pos=(259,477)
5.5304 	DATA 	Mouse: wheel shift=(0,2), pos=(259,477)
5.5462 	DATA 	Mouse: wheel shift=(0,2), pos=(259,477)
5.5759 	DATA 	Mouse: wheel shift=(0,2), pos=(259,477)
5.5797 	DATA 	Mouse: wheel shift=(0,2), pos=(259,477)
5.5965 	DATA 	Mouse: wheel shift=(0,1), pos=(259,477)
5.6125 	DATA 	Mouse: wheel shift=(0,1), pos=(259,477)
5.6425 	DATA 	Mouse: wheel shift=(0,1), pos=(259,477)
5.6463 	DATA 	Mouse: wheel shift=(0,1), pos=(259,477)
5.6632 	DATA 	Mouse: wheel shift=(0,1), pos=(259,477)
5.6804 	DATA 	Mouse: wheel shift=(0,1), pos=(259,477)
5.7092 	DATA 	Mouse: wheel shift=(0,1), pos=(259,477)
5.7135 	DATA 	Mouse: wheel shift=(0,1), pos=(259,477)
5.7425 	DATA 	Mouse: wheel shift=(0,0), pos=(259,477)
5.7471 	DATA 	Mouse: wheel shift=(0,0), pos=(259,477)
5.7759 	DATA 	Mouse: wheel shift=(0,0), pos=(259,477)
5.7925 	DATA 	Mouse: wheel shift=(0,0), pos=(259,477)
5.8092 	DATA 	Mouse: wheel shift=(0,0), pos=(259,477)
5.8129 	DATA 	Mouse: wheel shift=(0,0), pos=(259,477)
5.8314 	DATA 	Mouse: wheel shift=(0,0), pos=(259,477)
5.8597 	DATA 	Mouse: wheel shift=(0,0), pos=(259,477)
5.8635 	DATA 	Mouse: wheel shift=(0,0), pos=(259,477)
5.8638 	DATA 	Mouse: wheel shift=(0,0), pos=(259,477)
7.2987 	DATA 	Keypress: escape
7.3579 	EXP 	MouseEye_CC: status = STOPPED
7.3613 	EXP 	loading: autoDraw = False
7.3614 	EXP 	MouseEye_CC: status = STOPPED
7.3692 	INFO 	saved data to '/Users/seanliu/Documents/AMC_Lab/MouseEye/MouseEye_TunnelVision_REP_ContextualCueing_fromscratch/data/999_MouseEye_CC_2023-10-18_19h41.18.755.csv'
7.3710 	INFO 	saved data to /Users/seanliu/Documents/AMC_Lab/MouseEye/MouseEye_TunnelVision_REP_ContextualCueing_fromscratch/data/999_MouseEye_CC_2023-10-18_19h41.18.755.psydat
7.3906 	WARNING 	t of last frame was 29.30ms (=1/34)
7.3980 	EXP 	window1: mouseVisible = True
7.9057 	DEBUG 	Saving data for MouseEye_CC ExperimentHandler
